This is pdfTeX, Version 3.141592653-2.6-1.40.22 (TeX Live 2021/NixOS.org) (preloaded format=pdflatex 2021.8.15)  30 AUG 2021 18:22
entering extended mode
 restricted \write18 enabled.
 %&-line parsing enabled.
**fibeamer.tex
(./fibeamer.tex
LaTeX2e <2020-10-01> patch level 4
L3 programming layer <2021-02-18>
(/nix/store/xym6hj82qja3j0k2wmglinim3lgx0ccg-texlive-combined-full-2021.2021040
8/share/texmf/tex/latex/beamer/beamer.cls
Document Class: beamer 2021/03/19 v3.62 A class for typesetting presentations

(/nix/store/xym6hj82qja3j0k2wmglinim3lgx0ccg-texlive-combined-full-2021.2021040
8/share/texmf/tex/latex/beamer/beamerbasemodes.sty
(/nix/store/xym6hj82qja3j0k2wmglinim3lgx0ccg-texlive-combined-full-2021.2021040
8/share/texmf/tex/latex/etoolbox/etoolbox.sty
Package: etoolbox 2020/10/05 v2.5k e-TeX tools for LaTeX (JAW)
\etb@tempcnta=\count179
)
\beamer@tempbox=\box47
\beamer@tempcount=\count180
\c@beamerpauses=\count181

(/nix/store/xym6hj82qja3j0k2wmglinim3lgx0ccg-texlive-combined-full-2021.2021040
8/share/texmf/tex/latex/beamer/beamerbasedecode.sty
\beamer@slideinframe=\count182
\beamer@minimum=\count183
\beamer@decode@box=\box48
)
\beamer@commentbox=\box49
\beamer@modecount=\count184
)
(/nix/store/xym6hj82qja3j0k2wmglinim3lgx0ccg-texlive-combined-full-2021.2021040
8/share/texmf/tex/generic/iftex/ifpdf.sty
Package: ifpdf 2019/10/25 v3.4 ifpdf legacy package. Use iftex instead.

(/nix/store/xym6hj82qja3j0k2wmglinim3lgx0ccg-texlive-combined-full-2021.2021040
8/share/texmf/tex/generic/iftex/iftex.sty
Package: iftex 2020/03/06 v1.0d TeX engine tests
))
\headdp=\dimen138
\footheight=\dimen139
\sidebarheight=\dimen140
\beamer@tempdim=\dimen141
\beamer@finalheight=\dimen142
\beamer@animht=\dimen143
\beamer@animdp=\dimen144
\beamer@animwd=\dimen145
\beamer@leftmargin=\dimen146
\beamer@rightmargin=\dimen147
\beamer@leftsidebar=\dimen148
\beamer@rightsidebar=\dimen149
\beamer@boxsize=\dimen150
\beamer@vboxoffset=\dimen151
\beamer@descdefault=\dimen152
\beamer@descriptionwidth=\dimen153
\beamer@lastskip=\skip47
\beamer@areabox=\box50
\beamer@animcurrent=\box51
\beamer@animshowbox=\box52
\beamer@sectionbox=\box53
\beamer@logobox=\box54
\beamer@linebox=\box55
\beamer@sectioncount=\count185
\beamer@subsubsectionmax=\count186
\beamer@subsectionmax=\count187
\beamer@sectionmax=\count188
\beamer@totalheads=\count189
\beamer@headcounter=\count190
\beamer@partstartpage=\count191
\beamer@sectionstartpage=\count192
\beamer@subsectionstartpage=\count193
\beamer@animationtempa=\count194
\beamer@animationtempb=\count195
\beamer@xpos=\count196
\beamer@ypos=\count197
\beamer@ypos@offset=\count198
\beamer@showpartnumber=\count199
\beamer@currentsubsection=\count266
\beamer@coveringdepth=\count267
\beamer@sectionadjust=\count268
\beamer@tocsectionnumber=\count269

(/nix/store/xym6hj82qja3j0k2wmglinim3lgx0ccg-texlive-combined-full-2021.2021040
8/share/texmf/tex/latex/beamer/beamerbaseoptions.sty
(/nix/store/xym6hj82qja3j0k2wmglinim3lgx0ccg-texlive-combined-full-2021.2021040
8/share/texmf/tex/latex/graphics/keyval.sty
Package: keyval 2014/10/28 v1.15 key=value parser (DPC)
\KV@toks@=\toks15
))
\beamer@paperwidth=\skip48
\beamer@paperheight=\skip49

(/nix/store/xym6hj82qja3j0k2wmglinim3lgx0ccg-texlive-combined-full-2021.2021040
8/share/texmf/tex/latex/geometry/geometry.sty
Package: geometry 2020/01/02 v5.9 Page Geometry

(/nix/store/xym6hj82qja3j0k2wmglinim3lgx0ccg-texlive-combined-full-2021.2021040
8/share/texmf/tex/generic/iftex/ifvtex.sty
Package: ifvtex 2019/10/25 v1.7 ifvtex legacy package. Use iftex instead.
)
\Gm@cnth=\count270
\Gm@cntv=\count271
\c@Gm@tempcnt=\count272
\Gm@bindingoffset=\dimen154
\Gm@wd@mp=\dimen155
\Gm@odd@mp=\dimen156
\Gm@even@mp=\dimen157
\Gm@layoutwidth=\dimen158
\Gm@layoutheight=\dimen159
\Gm@layouthoffset=\dimen160
\Gm@layoutvoffset=\dimen161
\Gm@dimlist=\toks16
)
(/nix/store/xym6hj82qja3j0k2wmglinim3lgx0ccg-texlive-combined-full-2021.2021040
8/share/texmf/tex/latex/base/size11.clo
File: size11.clo 2020/04/10 v1.4m Standard LaTeX file (size option)
)
(/nix/store/xym6hj82qja3j0k2wmglinim3lgx0ccg-texlive-combined-full-2021.2021040
8/share/texmf/tex/latex/pgf/basiclayer/pgfcore.sty
(/nix/store/xym6hj82qja3j0k2wmglinim3lgx0ccg-texlive-combined-full-2021.2021040
8/share/texmf/tex/latex/graphics/graphicx.sty
Package: graphicx 2020/09/09 v1.2b Enhanced LaTeX Graphics (DPC,SPQR)

(/nix/store/xym6hj82qja3j0k2wmglinim3lgx0ccg-texlive-combined-full-2021.2021040
8/share/texmf/tex/latex/graphics/graphics.sty
Package: graphics 2020/08/30 v1.4c Standard LaTeX Graphics (DPC,SPQR)

(/nix/store/xym6hj82qja3j0k2wmglinim3lgx0ccg-texlive-combined-full-2021.2021040
8/share/texmf/tex/latex/graphics/trig.sty
Package: trig 2016/01/03 v1.10 sin cos tan (DPC)
)
(/nix/store/xym6hj82qja3j0k2wmglinim3lgx0ccg-texlive-combined-full-2021.2021040
8/share/texmf/tex/latex/graphics-cfg/graphics.cfg
File: graphics.cfg 2016/06/04 v1.11 sample graphics configuration
)
Package graphics Info: Driver file: pdftex.def on input line 105.

(/nix/store/xym6hj82qja3j0k2wmglinim3lgx0ccg-texlive-combined-full-2021.2021040
8/share/texmf/tex/latex/graphics-def/pdftex.def
File: pdftex.def 2020/10/05 v1.2a Graphics/color driver for pdftex
))
\Gin@req@height=\dimen162
\Gin@req@width=\dimen163
)
(/nix/store/xym6hj82qja3j0k2wmglinim3lgx0ccg-texlive-combined-full-2021.2021040
8/share/texmf/tex/latex/pgf/systemlayer/pgfsys.sty
(/nix/store/xym6hj82qja3j0k2wmglinim3lgx0ccg-texlive-combined-full-2021.2021040
8/share/texmf/tex/latex/pgf/utilities/pgfrcs.sty
(/nix/store/xym6hj82qja3j0k2wmglinim3lgx0ccg-texlive-combined-full-2021.2021040
8/share/texmf/tex/generic/pgf/utilities/pgfutil-common.tex
\pgfutil@everybye=\toks17
\pgfutil@tempdima=\dimen164
\pgfutil@tempdimb=\dimen165

(/nix/store/xym6hj82qja3j0k2wmglinim3lgx0ccg-texlive-combined-full-2021.2021040
8/share/texmf/tex/generic/pgf/utilities/pgfutil-common-lists.tex))
(/nix/store/xym6hj82qja3j0k2wmglinim3lgx0ccg-texlive-combined-full-2021.2021040
8/share/texmf/tex/generic/pgf/utilities/pgfutil-latex.def
\pgfutil@abb=\box56
)
(/nix/store/xym6hj82qja3j0k2wmglinim3lgx0ccg-texlive-combined-full-2021.2021040
8/share/texmf/tex/generic/pgf/utilities/pgfrcs.code.tex
(/nix/store/xym6hj82qja3j0k2wmglinim3lgx0ccg-texlive-combined-full-2021.2021040
8/share/texmf/tex/generic/pgf/pgf.revision.tex)
Package: pgfrcs 2020/12/27 v3.1.8b (3.1.8b)
))
(/nix/store/xym6hj82qja3j0k2wmglinim3lgx0ccg-texlive-combined-full-2021.2021040
8/share/texmf/tex/generic/pgf/systemlayer/pgfsys.code.tex
Package: pgfsys 2020/12/27 v3.1.8b (3.1.8b)

(/nix/store/xym6hj82qja3j0k2wmglinim3lgx0ccg-texlive-combined-full-2021.2021040
8/share/texmf/tex/generic/pgf/utilities/pgfkeys.code.tex
\pgfkeys@pathtoks=\toks18
\pgfkeys@temptoks=\toks19

(/nix/store/xym6hj82qja3j0k2wmglinim3lgx0ccg-texlive-combined-full-2021.2021040
8/share/texmf/tex/generic/pgf/utilities/pgfkeysfiltered.code.tex
\pgfkeys@tmptoks=\toks20
))
\pgf@x=\dimen166
\pgf@y=\dimen167
\pgf@xa=\dimen168
\pgf@ya=\dimen169
\pgf@xb=\dimen170
\pgf@yb=\dimen171
\pgf@xc=\dimen172
\pgf@yc=\dimen173
\pgf@xd=\dimen174
\pgf@yd=\dimen175
\w@pgf@writea=\write3
\r@pgf@reada=\read2
\c@pgf@counta=\count273
\c@pgf@countb=\count274
\c@pgf@countc=\count275
\c@pgf@countd=\count276
\t@pgf@toka=\toks21
\t@pgf@tokb=\toks22
\t@pgf@tokc=\toks23
\pgf@sys@id@count=\count277

(/nix/store/xym6hj82qja3j0k2wmglinim3lgx0ccg-texlive-combined-full-2021.2021040
8/share/texmf/tex/generic/pgf/systemlayer/pgf.cfg
File: pgf.cfg 2020/12/27 v3.1.8b (3.1.8b)
)
Driver file for pgf: pgfsys-pdftex.def

(/nix/store/xym6hj82qja3j0k2wmglinim3lgx0ccg-texlive-combined-full-2021.2021040
8/share/texmf/tex/generic/pgf/systemlayer/pgfsys-pdftex.def
File: pgfsys-pdftex.def 2020/12/27 v3.1.8b (3.1.8b)

(/nix/store/xym6hj82qja3j0k2wmglinim3lgx0ccg-texlive-combined-full-2021.2021040
8/share/texmf/tex/generic/pgf/systemlayer/pgfsys-common-pdf.def
File: pgfsys-common-pdf.def 2020/12/27 v3.1.8b (3.1.8b)
)))
(/nix/store/xym6hj82qja3j0k2wmglinim3lgx0ccg-texlive-combined-full-2021.2021040
8/share/texmf/tex/generic/pgf/systemlayer/pgfsyssoftpath.code.tex
File: pgfsyssoftpath.code.tex 2020/12/27 v3.1.8b (3.1.8b)
\pgfsyssoftpath@smallbuffer@items=\count278
\pgfsyssoftpath@bigbuffer@items=\count279
)
(/nix/store/xym6hj82qja3j0k2wmglinim3lgx0ccg-texlive-combined-full-2021.2021040
8/share/texmf/tex/generic/pgf/systemlayer/pgfsysprotocol.code.tex
File: pgfsysprotocol.code.tex 2020/12/27 v3.1.8b (3.1.8b)
))
(/nix/store/xym6hj82qja3j0k2wmglinim3lgx0ccg-texlive-combined-full-2021.2021040
8/share/texmf/tex/latex/xcolor/xcolor.sty
Package: xcolor 2016/05/11 v2.12 LaTeX color extensions (UK)

(/nix/store/xym6hj82qja3j0k2wmglinim3lgx0ccg-texlive-combined-full-2021.2021040
8/share/texmf/tex/latex/graphics-cfg/color.cfg
File: color.cfg 2016/01/02 v1.6 sample color configuration
)
Package xcolor Info: Driver file: pdftex.def on input line 225.
Package xcolor Info: Model `cmy' substituted by `cmy0' on input line 1348.
Package xcolor Info: Model `hsb' substituted by `rgb' on input line 1352.
Package xcolor Info: Model `RGB' extended on input line 1364.
Package xcolor Info: Model `HTML' substituted by `rgb' on input line 1366.
Package xcolor Info: Model `Hsb' substituted by `hsb' on input line 1367.
Package xcolor Info: Model `tHsb' substituted by `hsb' on input line 1368.
Package xcolor Info: Model `HSB' substituted by `hsb' on input line 1369.
Package xcolor Info: Model `Gray' substituted by `gray' on input line 1370.
Package xcolor Info: Model `wave' substituted by `hsb' on input line 1371.
)
(/nix/store/xym6hj82qja3j0k2wmglinim3lgx0ccg-texlive-combined-full-2021.2021040
8/share/texmf/tex/generic/pgf/basiclayer/pgfcore.code.tex
Package: pgfcore 2020/12/27 v3.1.8b (3.1.8b)

(/nix/store/xym6hj82qja3j0k2wmglinim3lgx0ccg-texlive-combined-full-2021.2021040
8/share/texmf/tex/generic/pgf/math/pgfmath.code.tex
(/nix/store/xym6hj82qja3j0k2wmglinim3lgx0ccg-texlive-combined-full-2021.2021040
8/share/texmf/tex/generic/pgf/math/pgfmathcalc.code.tex
(/nix/store/xym6hj82qja3j0k2wmglinim3lgx0ccg-texlive-combined-full-2021.2021040
8/share/texmf/tex/generic/pgf/math/pgfmathutil.code.tex)
(/nix/store/xym6hj82qja3j0k2wmglinim3lgx0ccg-texlive-combined-full-2021.2021040
8/share/texmf/tex/generic/pgf/math/pgfmathparser.code.tex
\pgfmath@dimen=\dimen176
\pgfmath@count=\count280
\pgfmath@box=\box57
\pgfmath@toks=\toks24
\pgfmath@stack@operand=\toks25
\pgfmath@stack@operation=\toks26
)
(/nix/store/xym6hj82qja3j0k2wmglinim3lgx0ccg-texlive-combined-full-2021.2021040
8/share/texmf/tex/generic/pgf/math/pgfmathfunctions.code.tex
(/nix/store/xym6hj82qja3j0k2wmglinim3lgx0ccg-texlive-combined-full-2021.2021040
8/share/texmf/tex/generic/pgf/math/pgfmathfunctions.basic.code.tex)
(/nix/store/xym6hj82qja3j0k2wmglinim3lgx0ccg-texlive-combined-full-2021.2021040
8/share/texmf/tex/generic/pgf/math/pgfmathfunctions.trigonometric.code.tex)
(/nix/store/xym6hj82qja3j0k2wmglinim3lgx0ccg-texlive-combined-full-2021.2021040
8/share/texmf/tex/generic/pgf/math/pgfmathfunctions.random.code.tex)
(/nix/store/xym6hj82qja3j0k2wmglinim3lgx0ccg-texlive-combined-full-2021.2021040
8/share/texmf/tex/generic/pgf/math/pgfmathfunctions.comparison.code.tex)
(/nix/store/xym6hj82qja3j0k2wmglinim3lgx0ccg-texlive-combined-full-2021.2021040
8/share/texmf/tex/generic/pgf/math/pgfmathfunctions.base.code.tex)
(/nix/store/xym6hj82qja3j0k2wmglinim3lgx0ccg-texlive-combined-full-2021.2021040
8/share/texmf/tex/generic/pgf/math/pgfmathfunctions.round.code.tex)
(/nix/store/xym6hj82qja3j0k2wmglinim3lgx0ccg-texlive-combined-full-2021.2021040
8/share/texmf/tex/generic/pgf/math/pgfmathfunctions.misc.code.tex)
(/nix/store/xym6hj82qja3j0k2wmglinim3lgx0ccg-texlive-combined-full-2021.2021040
8/share/texmf/tex/generic/pgf/math/pgfmathfunctions.integerarithmetics.code.tex
)))
(/nix/store/xym6hj82qja3j0k2wmglinim3lgx0ccg-texlive-combined-full-2021.2021040
8/share/texmf/tex/generic/pgf/math/pgfmathfloat.code.tex
\c@pgfmathroundto@lastzeros=\count281
))
(/nix/store/xym6hj82qja3j0k2wmglinim3lgx0ccg-texlive-combined-full-2021.2021040
8/share/texmf/tex/generic/pgf/math/pgfint.code.tex)
(/nix/store/xym6hj82qja3j0k2wmglinim3lgx0ccg-texlive-combined-full-2021.2021040
8/share/texmf/tex/generic/pgf/basiclayer/pgfcorepoints.code.tex
File: pgfcorepoints.code.tex 2020/12/27 v3.1.8b (3.1.8b)
\pgf@picminx=\dimen177
\pgf@picmaxx=\dimen178
\pgf@picminy=\dimen179
\pgf@picmaxy=\dimen180
\pgf@pathminx=\dimen181
\pgf@pathmaxx=\dimen182
\pgf@pathminy=\dimen183
\pgf@pathmaxy=\dimen184
\pgf@xx=\dimen185
\pgf@xy=\dimen186
\pgf@yx=\dimen187
\pgf@yy=\dimen188
\pgf@zx=\dimen189
\pgf@zy=\dimen190
)
(/nix/store/xym6hj82qja3j0k2wmglinim3lgx0ccg-texlive-combined-full-2021.2021040
8/share/texmf/tex/generic/pgf/basiclayer/pgfcorepathconstruct.code.tex
File: pgfcorepathconstruct.code.tex 2020/12/27 v3.1.8b (3.1.8b)
\pgf@path@lastx=\dimen191
\pgf@path@lasty=\dimen192
)
(/nix/store/xym6hj82qja3j0k2wmglinim3lgx0ccg-texlive-combined-full-2021.2021040
8/share/texmf/tex/generic/pgf/basiclayer/pgfcorepathusage.code.tex
File: pgfcorepathusage.code.tex 2020/12/27 v3.1.8b (3.1.8b)
\pgf@shorten@end@additional=\dimen193
\pgf@shorten@start@additional=\dimen194
)
(/nix/store/xym6hj82qja3j0k2wmglinim3lgx0ccg-texlive-combined-full-2021.2021040
8/share/texmf/tex/generic/pgf/basiclayer/pgfcorescopes.code.tex
File: pgfcorescopes.code.tex 2020/12/27 v3.1.8b (3.1.8b)
\pgfpic=\box58
\pgf@hbox=\box59
\pgf@layerbox@main=\box60
\pgf@picture@serial@count=\count282
)
(/nix/store/xym6hj82qja3j0k2wmglinim3lgx0ccg-texlive-combined-full-2021.2021040
8/share/texmf/tex/generic/pgf/basiclayer/pgfcoregraphicstate.code.tex
File: pgfcoregraphicstate.code.tex 2020/12/27 v3.1.8b (3.1.8b)
\pgflinewidth=\dimen195
)
(/nix/store/xym6hj82qja3j0k2wmglinim3lgx0ccg-texlive-combined-full-2021.2021040
8/share/texmf/tex/generic/pgf/basiclayer/pgfcoretransformations.code.tex
File: pgfcoretransformations.code.tex 2020/12/27 v3.1.8b (3.1.8b)
\pgf@pt@x=\dimen196
\pgf@pt@y=\dimen197
\pgf@pt@temp=\dimen198
)
(/nix/store/xym6hj82qja3j0k2wmglinim3lgx0ccg-texlive-combined-full-2021.2021040
8/share/texmf/tex/generic/pgf/basiclayer/pgfcorequick.code.tex
File: pgfcorequick.code.tex 2020/12/27 v3.1.8b (3.1.8b)
)
(/nix/store/xym6hj82qja3j0k2wmglinim3lgx0ccg-texlive-combined-full-2021.2021040
8/share/texmf/tex/generic/pgf/basiclayer/pgfcoreobjects.code.tex
File: pgfcoreobjects.code.tex 2020/12/27 v3.1.8b (3.1.8b)
)
(/nix/store/xym6hj82qja3j0k2wmglinim3lgx0ccg-texlive-combined-full-2021.2021040
8/share/texmf/tex/generic/pgf/basiclayer/pgfcorepathprocessing.code.tex
File: pgfcorepathprocessing.code.tex 2020/12/27 v3.1.8b (3.1.8b)
)
(/nix/store/xym6hj82qja3j0k2wmglinim3lgx0ccg-texlive-combined-full-2021.2021040
8/share/texmf/tex/generic/pgf/basiclayer/pgfcorearrows.code.tex
File: pgfcorearrows.code.tex 2020/12/27 v3.1.8b (3.1.8b)
\pgfarrowsep=\dimen199
)
(/nix/store/xym6hj82qja3j0k2wmglinim3lgx0ccg-texlive-combined-full-2021.2021040
8/share/texmf/tex/generic/pgf/basiclayer/pgfcoreshade.code.tex
File: pgfcoreshade.code.tex 2020/12/27 v3.1.8b (3.1.8b)
\pgf@max=\dimen256
\pgf@sys@shading@range@num=\count283
\pgf@shadingcount=\count284
)
(/nix/store/xym6hj82qja3j0k2wmglinim3lgx0ccg-texlive-combined-full-2021.2021040
8/share/texmf/tex/generic/pgf/basiclayer/pgfcoreimage.code.tex
File: pgfcoreimage.code.tex 2020/12/27 v3.1.8b (3.1.8b)

(/nix/store/xym6hj82qja3j0k2wmglinim3lgx0ccg-texlive-combined-full-2021.2021040
8/share/texmf/tex/generic/pgf/basiclayer/pgfcoreexternal.code.tex
File: pgfcoreexternal.code.tex 2020/12/27 v3.1.8b (3.1.8b)
\pgfexternal@startupbox=\box61
))
(/nix/store/xym6hj82qja3j0k2wmglinim3lgx0ccg-texlive-combined-full-2021.2021040
8/share/texmf/tex/generic/pgf/basiclayer/pgfcorelayers.code.tex
File: pgfcorelayers.code.tex 2020/12/27 v3.1.8b (3.1.8b)
)
(/nix/store/xym6hj82qja3j0k2wmglinim3lgx0ccg-texlive-combined-full-2021.2021040
8/share/texmf/tex/generic/pgf/basiclayer/pgfcoretransparency.code.tex
File: pgfcoretransparency.code.tex 2020/12/27 v3.1.8b (3.1.8b)
)
(/nix/store/xym6hj82qja3j0k2wmglinim3lgx0ccg-texlive-combined-full-2021.2021040
8/share/texmf/tex/generic/pgf/basiclayer/pgfcorepatterns.code.tex
File: pgfcorepatterns.code.tex 2020/12/27 v3.1.8b (3.1.8b)
)
(/nix/store/xym6hj82qja3j0k2wmglinim3lgx0ccg-texlive-combined-full-2021.2021040
8/share/texmf/tex/generic/pgf/basiclayer/pgfcorerdf.code.tex
File: pgfcorerdf.code.tex 2020/12/27 v3.1.8b (3.1.8b)
)))
(/nix/store/xym6hj82qja3j0k2wmglinim3lgx0ccg-texlive-combined-full-2021.2021040
8/share/texmf/tex/latex/pgf/utilities/xxcolor.sty
Package: xxcolor 2003/10/24 ver 0.1
\XC@nummixins=\count285
\XC@countmixins=\count286
)
(/nix/store/xym6hj82qja3j0k2wmglinim3lgx0ccg-texlive-combined-full-2021.2021040
8/share/texmf/tex/latex/base/atbegshi-ltx.sty
Package: atbegshi-ltx 2020/08/17 v1.0a Emulation of the original atbegshi packa
ge
with kernel methods
)
(/nix/store/xym6hj82qja3j0k2wmglinim3lgx0ccg-texlive-combined-full-2021.2021040
8/share/texmf/tex/latex/hyperref/hyperref.sty
Package: hyperref 2021-02-27 v7.00k Hypertext links for LaTeX

(/nix/store/xym6hj82qja3j0k2wmglinim3lgx0ccg-texlive-combined-full-2021.2021040
8/share/texmf/tex/generic/ltxcmds/ltxcmds.sty
Package: ltxcmds 2020-05-10 v1.25 LaTeX kernel commands for general use (HO)
)
(/nix/store/xym6hj82qja3j0k2wmglinim3lgx0ccg-texlive-combined-full-2021.2021040
8/share/texmf/tex/generic/pdftexcmds/pdftexcmds.sty
Package: pdftexcmds 2020-06-27 v0.33 Utility functions of pdfTeX for LuaTeX (HO
)

(/nix/store/xym6hj82qja3j0k2wmglinim3lgx0ccg-texlive-combined-full-2021.2021040
8/share/texmf/tex/generic/infwarerr/infwarerr.sty
Package: infwarerr 2019/12/03 v1.5 Providing info/warning/error messages (HO)
)
Package pdftexcmds Info: \pdf@primitive is available.
Package pdftexcmds Info: \pdf@ifprimitive is available.
Package pdftexcmds Info: \pdfdraftmode found.
)
(/nix/store/xym6hj82qja3j0k2wmglinim3lgx0ccg-texlive-combined-full-2021.2021040
8/share/texmf/tex/generic/kvsetkeys/kvsetkeys.sty
Package: kvsetkeys 2019/12/15 v1.18 Key value parser (HO)
)
(/nix/store/xym6hj82qja3j0k2wmglinim3lgx0ccg-texlive-combined-full-2021.2021040
8/share/texmf/tex/generic/kvdefinekeys/kvdefinekeys.sty
Package: kvdefinekeys 2019-12-19 v1.6 Define keys (HO)
)
(/nix/store/xym6hj82qja3j0k2wmglinim3lgx0ccg-texlive-combined-full-2021.2021040
8/share/texmf/tex/generic/pdfescape/pdfescape.sty
Package: pdfescape 2019/12/09 v1.15 Implements pdfTeX's escape features (HO)
)
(/nix/store/xym6hj82qja3j0k2wmglinim3lgx0ccg-texlive-combined-full-2021.2021040
8/share/texmf/tex/latex/hycolor/hycolor.sty
Package: hycolor 2020-01-27 v1.10 Color options for hyperref/bookmark (HO)
)
(/nix/store/xym6hj82qja3j0k2wmglinim3lgx0ccg-texlive-combined-full-2021.2021040
8/share/texmf/tex/latex/letltxmacro/letltxmacro.sty
Package: letltxmacro 2019/12/03 v1.6 Let assignment for LaTeX macros (HO)
)
(/nix/store/xym6hj82qja3j0k2wmglinim3lgx0ccg-texlive-combined-full-2021.2021040
8/share/texmf/tex/latex/auxhook/auxhook.sty
Package: auxhook 2019-12-17 v1.6 Hooks for auxiliary files (HO)
)
(/nix/store/xym6hj82qja3j0k2wmglinim3lgx0ccg-texlive-combined-full-2021.2021040
8/share/texmf/tex/latex/kvoptions/kvoptions.sty
Package: kvoptions 2020-10-07 v3.14 Key value format for package options (HO)
)
\@linkdim=\dimen257
\Hy@linkcounter=\count287
\Hy@pagecounter=\count288

(/nix/store/xym6hj82qja3j0k2wmglinim3lgx0ccg-texlive-combined-full-2021.2021040
8/share/texmf/tex/latex/hyperref/pd1enc.def
File: pd1enc.def 2021-02-27 v7.00k Hyperref: PDFDocEncoding definition (HO)
Now handling font encoding PD1 ...
... no UTF-8 mapping file for font encoding PD1
)
(/nix/store/xym6hj82qja3j0k2wmglinim3lgx0ccg-texlive-combined-full-2021.2021040
8/share/texmf/tex/latex/hyperref/hyperref-langpatches.def
File: hyperref-langpatches.def 2021-02-27 v7.00k Hyperref: patches for babel la
nguages
)
(/nix/store/xym6hj82qja3j0k2wmglinim3lgx0ccg-texlive-combined-full-2021.2021040
8/share/texmf/tex/generic/intcalc/intcalc.sty
Package: intcalc 2019/12/15 v1.3 Expandable calculations with integers (HO)
)
(/nix/store/xym6hj82qja3j0k2wmglinim3lgx0ccg-texlive-combined-full-2021.2021040
8/share/texmf/tex/generic/etexcmds/etexcmds.sty
Package: etexcmds 2019/12/15 v1.7 Avoid name clashes with e-TeX commands (HO)
)
\Hy@SavedSpaceFactor=\count289

(/nix/store/xym6hj82qja3j0k2wmglinim3lgx0ccg-texlive-combined-full-2021.2021040
8/share/texmf/tex/latex/hyperref/puenc.def
File: puenc.def 2021-02-27 v7.00k Hyperref: PDF Unicode definition (HO)
Now handling font encoding PU ...
... no UTF-8 mapping file for font encoding PU
)
Package hyperref Info: Option `bookmarks' set `true' on input line 4073.
Package hyperref Info: Option `bookmarksopen' set `true' on input line 4073.
Package hyperref Info: Option `implicit' set `false' on input line 4073.
Package hyperref Info: Hyper figures OFF on input line 4192.
Package hyperref Info: Link nesting OFF on input line 4197.
Package hyperref Info: Hyper index ON on input line 4200.
Package hyperref Info: Plain pages OFF on input line 4207.
Package hyperref Info: Backreferencing OFF on input line 4212.
Package hyperref Info: Implicit mode OFF; no redefinition of LaTeX internals.
Package hyperref Info: Bookmarks ON on input line 4445.
\c@Hy@tempcnt=\count290

(/nix/store/xym6hj82qja3j0k2wmglinim3lgx0ccg-texlive-combined-full-2021.2021040
8/share/texmf/tex/latex/url/url.sty
\Urlmuskip=\muskip16
Package: url 2013/09/16  ver 3.4  Verb mode for urls, etc.
)
LaTeX Info: Redefining \url on input line 4804.
\XeTeXLinkMargin=\dimen258

(/nix/store/xym6hj82qja3j0k2wmglinim3lgx0ccg-texlive-combined-full-2021.2021040
8/share/texmf/tex/generic/bitset/bitset.sty
Package: bitset 2019/12/09 v1.3 Handle bit-vector datatype (HO)

(/nix/store/xym6hj82qja3j0k2wmglinim3lgx0ccg-texlive-combined-full-2021.2021040
8/share/texmf/tex/generic/bigintcalc/bigintcalc.sty
Package: bigintcalc 2019/12/15 v1.5 Expandable calculations on big integers (HO
)
))
\Fld@menulength=\count291
\Field@Width=\dimen259
\Fld@charsize=\dimen260
Package hyperref Info: Hyper figures OFF on input line 6075.
Package hyperref Info: Link nesting OFF on input line 6080.
Package hyperref Info: Hyper index ON on input line 6083.
Package hyperref Info: backreferencing OFF on input line 6090.
Package hyperref Info: Link coloring OFF on input line 6095.
Package hyperref Info: Link coloring with OCG OFF on input line 6100.
Package hyperref Info: PDF/A mode OFF on input line 6105.
LaTeX Info: Redefining \ref on input line 6145.
LaTeX Info: Redefining \pageref on input line 6149.
\Hy@abspage=\count292


Package hyperref Message: Stopped early.

)
Package hyperref Info: Driver (autodetected): hpdftex.

(/nix/store/xym6hj82qja3j0k2wmglinim3lgx0ccg-texlive-combined-full-2021.2021040
8/share/texmf/tex/latex/hyperref/hpdftex.def
File: hpdftex.def 2021-02-27 v7.00k Hyperref driver for pdfTeX

(/nix/store/xym6hj82qja3j0k2wmglinim3lgx0ccg-texlive-combined-full-2021.2021040
8/share/texmf/tex/latex/base/atveryend-ltx.sty
Package: atveryend-ltx 2020/08/19 v1.0a Emulation of the original atvery packag
e
with kernel methods
)
\Fld@listcount=\count293
\c@bookmark@seq@number=\count294

(/nix/store/xym6hj82qja3j0k2wmglinim3lgx0ccg-texlive-combined-full-2021.2021040
8/share/texmf/tex/latex/rerunfilecheck/rerunfilecheck.sty
Package: rerunfilecheck 2019/12/05 v1.9 Rerun checks for auxiliary files (HO)

(/nix/store/xym6hj82qja3j0k2wmglinim3lgx0ccg-texlive-combined-full-2021.2021040
8/share/texmf/tex/generic/uniquecounter/uniquecounter.sty
Package: uniquecounter 2019/12/15 v1.4 Provide unlimited unique counter (HO)
)
Package uniquecounter Info: New unique counter `rerunfilecheck' on input line 2
86.
))
(/nix/store/xym6hj82qja3j0k2wmglinim3lgx0ccg-texlive-combined-full-2021.2021040
8/share/texmf/tex/latex/beamer/beamerbaserequires.sty
(/nix/store/xym6hj82qja3j0k2wmglinim3lgx0ccg-texlive-combined-full-2021.2021040
8/share/texmf/tex/latex/beamer/beamerbasecompatibility.sty)
(/nix/store/xym6hj82qja3j0k2wmglinim3lgx0ccg-texlive-combined-full-2021.2021040
8/share/texmf/tex/latex/beamer/beamerbasefont.sty
(/nix/store/xym6hj82qja3j0k2wmglinim3lgx0ccg-texlive-combined-full-2021.2021040
8/share/texmf/tex/latex/amsfonts/amssymb.sty
Package: amssymb 2013/01/14 v3.01 AMS font symbols

(/nix/store/xym6hj82qja3j0k2wmglinim3lgx0ccg-texlive-combined-full-2021.2021040
8/share/texmf/tex/latex/amsfonts/amsfonts.sty
Package: amsfonts 2013/01/14 v3.01 Basic AMSFonts support
\@emptytoks=\toks27
\symAMSa=\mathgroup4
\symAMSb=\mathgroup5
LaTeX Font Info:    Redeclaring math symbol \hbar on input line 98.
LaTeX Font Info:    Overwriting math alphabet `\mathfrak' in version `bold'
(Font)                  U/euf/m/n --> U/euf/b/n on input line 106.
))
(/nix/store/xym6hj82qja3j0k2wmglinim3lgx0ccg-texlive-combined-full-2021.2021040
8/share/texmf/tex/latex/sansmathaccent/sansmathaccent.sty
Package: sansmathaccent 2020/01/31

(/nix/store/xym6hj82qja3j0k2wmglinim3lgx0ccg-texlive-combined-full-2021.2021040
8/share/texmf/tex/latex/koma-script/scrlfile.sty
Package: scrlfile 2021/03/17 v3.33 KOMA-Script package (file load hooks)

(/nix/store/xym6hj82qja3j0k2wmglinim3lgx0ccg-texlive-combined-full-2021.2021040
8/share/texmf/tex/latex/koma-script/scrlfile-hook.sty
Package: scrlfile-hook 2021/03/17 v3.33 KOMA-Script package (using LaTeX hooks)


LaTeX3 Info: Defining command \BeforeFile with sig. 'm' on line 61.


LaTeX3 Info: Defining command \AfterFile with sig. 'm' on line 65.


LaTeX3 Info: Defining command \BeforeClass with sig. 'm' on line 69.


LaTeX3 Info: Defining command \BeforePackage with sig. 'm' on line 73.


LaTeX3 Info: Defining command \AfterAtEndOfClass with sig. 'smo+m' on line 83.


LaTeX3 Info: Defining command \AfterAtEndOfPackage with sig. 'smo+m' on line
(LaTeX3)     93.


LaTeX3 Info: Defining command \scrlfile@AfterClass with sig. 'smo+m' on line
(LaTeX3)     173.


LaTeX3 Info: Defining command \AfterClass with sig. '' on line 174.


LaTeX3 Info: Defining command \scrlfile@AfterPackage with sig. 'smo+m' on line
(LaTeX3)     191.


LaTeX3 Info: Defining command \AfterPackage with sig. '' on line 192.


LaTeX3 Info: Defining command \ReplaceInput with sig. '' on line 193.


LaTeX3 Info: Defining command \ReplaceClass with sig. 'mm' on line 196.


LaTeX3 Info: Defining command \ReplacePackage with sig. 'mm' on line 199.


LaTeX3 Info: Defining command \UnReplaceInput with sig. '' on line 200.


LaTeX3 Info: Defining command \UnReplaceClass with sig. 'm' on line 203.


LaTeX3 Info: Defining command \UnReplacePackage with sig. 'mm' on line 206.


LaTeX3 Info: Defining command \PreventPackageFromLoading with sig. 's+om' on
(LaTeX3)     line 234.


LaTeX3 Info: Defining command \StorePreventPackageFromLoading with sig. 'm' on
(LaTeX3)     line 242.


LaTeX3 Info: Defining command \ResetPreventPackageFromLoading with sig. '' on
(LaTeX3)     line 247.


LaTeX3 Info: Defining command \UnPreventPackageFromLoading with sig. 'sm' on
(LaTeX3)     line 261.


LaTeX3 Info: Defining command \BeforeClosingMainAux with sig. 'om' on line
(LaTeX3)     274.


LaTeX3 Info: Defining command \AfterReadingMainAux with sig. 'om' on line 287.


LaTeX3 Info: Defining command \protected@immediate@write with sig. 'm+m+m' on
(LaTeX3)     line 298.


(/nix/store/xym6hj82qja3j0k2wmglinim3lgx0ccg-texlive-combined-full-2021.2021040
8/share/texmf/tex/latex/koma-script/scrlogo.sty
Package: scrlogo 2021/03/17 v3.33 KOMA-Script package (logo)
)))))
(/nix/store/xym6hj82qja3j0k2wmglinim3lgx0ccg-texlive-combined-full-2021.2021040
8/share/texmf/tex/latex/beamer/beamerbasetranslator.sty
(/nix/store/xym6hj82qja3j0k2wmglinim3lgx0ccg-texlive-combined-full-2021.2021040
8/share/texmf/tex/latex/translator/translator.sty
Package: translator 2020-08-03 v1.12c Easy translation of strings in LaTeX
))
(/nix/store/xym6hj82qja3j0k2wmglinim3lgx0ccg-texlive-combined-full-2021.2021040
8/share/texmf/tex/latex/beamer/beamerbasemisc.sty)
(/nix/store/xym6hj82qja3j0k2wmglinim3lgx0ccg-texlive-combined-full-2021.2021040
8/share/texmf/tex/latex/beamer/beamerbasetwoscreens.sty)
(/nix/store/xym6hj82qja3j0k2wmglinim3lgx0ccg-texlive-combined-full-2021.2021040
8/share/texmf/tex/latex/beamer/beamerbaseoverlay.sty
\beamer@argscount=\count295
\beamer@lastskipcover=\skip50
\beamer@trivlistdepth=\count296
)
(/nix/store/xym6hj82qja3j0k2wmglinim3lgx0ccg-texlive-combined-full-2021.2021040
8/share/texmf/tex/latex/beamer/beamerbasetitle.sty)
(/nix/store/xym6hj82qja3j0k2wmglinim3lgx0ccg-texlive-combined-full-2021.2021040
8/share/texmf/tex/latex/beamer/beamerbasesection.sty
\c@lecture=\count297
\c@part=\count298
\c@section=\count299
\c@subsection=\count300
\c@subsubsection=\count301
)
(/nix/store/xym6hj82qja3j0k2wmglinim3lgx0ccg-texlive-combined-full-2021.2021040
8/share/texmf/tex/latex/beamer/beamerbaseframe.sty
\beamer@framebox=\box62
\beamer@frametitlebox=\box63
\beamer@zoombox=\box64
\beamer@zoomcount=\count302
\beamer@zoomframecount=\count303
\beamer@frametextheight=\dimen261
\c@subsectionslide=\count304
\beamer@frametopskip=\skip51
\beamer@framebottomskip=\skip52
\beamer@frametopskipautobreak=\skip53
\beamer@framebottomskipautobreak=\skip54
\beamer@envbody=\toks28
\framewidth=\dimen262
\c@framenumber=\count305
)
(/nix/store/xym6hj82qja3j0k2wmglinim3lgx0ccg-texlive-combined-full-2021.2021040
8/share/texmf/tex/latex/beamer/beamerbaseverbatim.sty
\beamer@verbatimfileout=\write4
)
(/nix/store/xym6hj82qja3j0k2wmglinim3lgx0ccg-texlive-combined-full-2021.2021040
8/share/texmf/tex/latex/beamer/beamerbaseframesize.sty
\beamer@splitbox=\box65
\beamer@autobreakcount=\count306
\beamer@autobreaklastheight=\dimen263
\beamer@frametitletoks=\toks29
\beamer@framesubtitletoks=\toks30
)
(/nix/store/xym6hj82qja3j0k2wmglinim3lgx0ccg-texlive-combined-full-2021.2021040
8/share/texmf/tex/latex/beamer/beamerbaseframecomponents.sty
\beamer@footins=\box66
)
(/nix/store/xym6hj82qja3j0k2wmglinim3lgx0ccg-texlive-combined-full-2021.2021040
8/share/texmf/tex/latex/beamer/beamerbasecolor.sty)
(/nix/store/xym6hj82qja3j0k2wmglinim3lgx0ccg-texlive-combined-full-2021.2021040
8/share/texmf/tex/latex/beamer/beamerbasenotes.sty
\beamer@frameboxcopy=\box67
)
(/nix/store/xym6hj82qja3j0k2wmglinim3lgx0ccg-texlive-combined-full-2021.2021040
8/share/texmf/tex/latex/beamer/beamerbasetoc.sty)
(/nix/store/xym6hj82qja3j0k2wmglinim3lgx0ccg-texlive-combined-full-2021.2021040
8/share/texmf/tex/latex/beamer/beamerbasetemplates.sty
\beamer@sbttoks=\toks31

(/nix/store/xym6hj82qja3j0k2wmglinim3lgx0ccg-texlive-combined-full-2021.2021040
8/share/texmf/tex/latex/beamer/beamerbaseauxtemplates.sty
(/nix/store/xym6hj82qja3j0k2wmglinim3lgx0ccg-texlive-combined-full-2021.2021040
8/share/texmf/tex/latex/beamer/beamerbaseboxes.sty
\bmb@box=\box68
\bmb@colorbox=\box69
\bmb@boxwidth=\dimen264
\bmb@boxheight=\dimen265
\bmb@prevheight=\dimen266
\bmb@temp=\dimen267
\bmb@dima=\dimen268
\bmb@dimb=\dimen269
\bmb@prevheight=\dimen270
)
\beamer@blockheadheight=\dimen271
))
(/nix/store/xym6hj82qja3j0k2wmglinim3lgx0ccg-texlive-combined-full-2021.2021040
8/share/texmf/tex/latex/beamer/beamerbaselocalstructure.sty
(/nix/store/xym6hj82qja3j0k2wmglinim3lgx0ccg-texlive-combined-full-2021.2021040
8/share/texmf/tex/latex/tools/enumerate.sty
Package: enumerate 2015/07/23 v3.00 enumerate extensions (DPC)
\@enLab=\toks32
)
\beamer@bibiconwidth=\skip55
\c@figure=\count307
\c@table=\count308
\abovecaptionskip=\skip56
\belowcaptionskip=\skip57
)
(/nix/store/xym6hj82qja3j0k2wmglinim3lgx0ccg-texlive-combined-full-2021.2021040
8/share/texmf/tex/latex/beamer/beamerbasenavigation.sty
\beamer@section@min@dim=\dimen272
)
(/nix/store/xym6hj82qja3j0k2wmglinim3lgx0ccg-texlive-combined-full-2021.2021040
8/share/texmf/tex/latex/beamer/beamerbasetheorems.sty
(/nix/store/xym6hj82qja3j0k2wmglinim3lgx0ccg-texlive-combined-full-2021.2021040
8/share/texmf/tex/latex/amsmath/amsmath.sty
Package: amsmath 2020/09/23 v2.17i AMS math features
\@mathmargin=\skip58

For additional information on amsmath, use the `?' option.

(/nix/store/xym6hj82qja3j0k2wmglinim3lgx0ccg-texlive-combined-full-2021.2021040
8/share/texmf/tex/latex/amsmath/amstext.sty
Package: amstext 2000/06/29 v2.01 AMS text

(/nix/store/xym6hj82qja3j0k2wmglinim3lgx0ccg-texlive-combined-full-2021.2021040
8/share/texmf/tex/latex/amsmath/amsgen.sty
File: amsgen.sty 1999/11/30 v2.0 generic functions
\@emptytoks=\toks33
\ex@=\dimen273
))
(/nix/store/xym6hj82qja3j0k2wmglinim3lgx0ccg-texlive-combined-full-2021.2021040
8/share/texmf/tex/latex/amsmath/amsbsy.sty
Package: amsbsy 1999/11/29 v1.2d Bold Symbols
\pmbraise@=\dimen274
)
(/nix/store/xym6hj82qja3j0k2wmglinim3lgx0ccg-texlive-combined-full-2021.2021040
8/share/texmf/tex/latex/amsmath/amsopn.sty
Package: amsopn 2016/03/08 v2.02 operator names
)
\inf@bad=\count309
LaTeX Info: Redefining \frac on input line 234.
\uproot@=\count310
\leftroot@=\count311
LaTeX Info: Redefining \overline on input line 399.
\classnum@=\count312
\DOTSCASE@=\count313
LaTeX Info: Redefining \ldots on input line 496.
LaTeX Info: Redefining \dots on input line 499.
LaTeX Info: Redefining \cdots on input line 620.
\Mathstrutbox@=\box70
\strutbox@=\box71
\big@size=\dimen275
LaTeX Font Info:    Redeclaring font encoding OML on input line 743.
LaTeX Font Info:    Redeclaring font encoding OMS on input line 744.
\macc@depth=\count314
\c@MaxMatrixCols=\count315
\dotsspace@=\muskip17
\c@parentequation=\count316
\dspbrk@lvl=\count317
\tag@help=\toks34
\row@=\count318
\column@=\count319
\maxfields@=\count320
\andhelp@=\toks35
\eqnshift@=\dimen276
\alignsep@=\dimen277
\tagshift@=\dimen278
\tagwidth@=\dimen279
\totwidth@=\dimen280
\lineht@=\dimen281
\@envbody=\toks36
\multlinegap=\skip59
\multlinetaggap=\skip60
\mathdisplay@stack=\toks37
LaTeX Info: Redefining \[ on input line 2923.
LaTeX Info: Redefining \] on input line 2924.
)
(/nix/store/xym6hj82qja3j0k2wmglinim3lgx0ccg-texlive-combined-full-2021.2021040
8/share/texmf/tex/latex/amscls/amsthm.sty
Package: amsthm 2020/05/29 v2.20.6
\thm@style=\toks38
\thm@bodyfont=\toks39
\thm@headfont=\toks40
\thm@notefont=\toks41
\thm@headpunct=\toks42
\thm@preskip=\skip61
\thm@postskip=\skip62
\thm@headsep=\skip63
\dth@everypar=\toks43
)
\c@theorem=\count321
)
(/nix/store/xym6hj82qja3j0k2wmglinim3lgx0ccg-texlive-combined-full-2021.2021040
8/share/texmf/tex/latex/beamer/beamerbasethemes.sty))
(/nix/store/xym6hj82qja3j0k2wmglinim3lgx0ccg-texlive-combined-full-2021.2021040
8/share/texmf/tex/latex/beamer/beamerthemedefault.sty
(/nix/store/xym6hj82qja3j0k2wmglinim3lgx0ccg-texlive-combined-full-2021.2021040
8/share/texmf/tex/latex/beamer/beamerfontthemedefault.sty)
(/nix/store/xym6hj82qja3j0k2wmglinim3lgx0ccg-texlive-combined-full-2021.2021040
8/share/texmf/tex/latex/beamer/beamercolorthemedefault.sty)
(/nix/store/xym6hj82qja3j0k2wmglinim3lgx0ccg-texlive-combined-full-2021.2021040
8/share/texmf/tex/latex/beamer/beamerinnerthemedefault.sty
\beamer@dima=\dimen282
\beamer@dimb=\dimen283
)
(/nix/store/xym6hj82qja3j0k2wmglinim3lgx0ccg-texlive-combined-full-2021.2021040
8/share/texmf/tex/latex/beamer/beamerouterthemedefault.sty)))
(/nix/store/xym6hj82qja3j0k2wmglinim3lgx0ccg-texlive-combined-full-2021.2021040
8/share/texmf/tex/latex/fibeamer/beamerthemefibeamer.sty
Package hyperref Info: Option `unicode' set `true' on input line 61.

(/nix/store/xym6hj82qja3j0k2wmglinim3lgx0ccg-texlive-combined-full-2021.2021040
8/share/texmf/tex/generic/stringenc/stringenc.sty
Package: stringenc 2019/11/29 v1.12 Convert strings between diff. encodings (HO
)
)

LaTeX Warning: You have requested package `beamerthemefibeamer',
               but the package provides `fibeamer/beamerthemefibeamer'.

Package: fibeamer/beamerthemefibeamer 2019/12/16 v1.1.8 fibeamer MU beamer them
e

(/nix/store/xym6hj82qja3j0k2wmglinim3lgx0ccg-texlive-combined-full-2021.2021040
8/share/texmf/tex/latex/microtype/microtype.sty
Package: microtype 2021/03/14 v2.8c Micro-typographical refinements (RS)
\MT@toks=\toks44
\MT@count=\count322
LaTeX Info: Redefining \textls on input line 790.
\MT@outer@kern=\dimen284
LaTeX Info: Redefining \textmicrotypecontext on input line 1374.
\MT@listname@count=\count323

(/nix/store/xym6hj82qja3j0k2wmglinim3lgx0ccg-texlive-combined-full-2021.2021040
8/share/texmf/tex/latex/microtype/microtype-pdftex.def
File: microtype-pdftex.def 2021/03/14 v2.8c Definitions specific to pdftex (RS)

LaTeX Info: Redefining \lsstyle on input line 915.
LaTeX Info: Redefining \lslig on input line 915.
\MT@outer@space=\skip64
)
Package microtype Info: Loading configuration file microtype.cfg.

(/nix/store/xym6hj82qja3j0k2wmglinim3lgx0ccg-texlive-combined-full-2021.2021040
8/share/texmf/tex/latex/microtype/microtype.cfg
File: microtype.cfg 2021/03/14 v2.8c microtype main configuration file (RS)
))
(/nix/store/xym6hj82qja3j0k2wmglinim3lgx0ccg-texlive-combined-full-2021.2021040
8/share/texmf/tex/latex/base/ifthen.sty
Package: ifthen 2014/09/29 v1.1c Standard LaTeX ifthen package (DPC)
)
(/nix/store/xym6hj82qja3j0k2wmglinim3lgx0ccg-texlive-combined-full-2021.2021040
8/share/texmf/tex/generic/iftex/ifxetex.sty
Package: ifxetex 2019/10/25 v0.7 ifxetex legacy package. Use iftex instead.
)
(/nix/store/xym6hj82qja3j0k2wmglinim3lgx0ccg-texlive-combined-full-2021.2021040
8/share/texmf/tex/generic/iftex/ifluatex.sty
Package: ifluatex 2019/10/25 v1.5 ifluatex legacy package. Use iftex instead.
)
(/nix/store/xym6hj82qja3j0k2wmglinim3lgx0ccg-texlive-combined-full-2021.2021040
8/share/texmf/tex/latex/lm/lmodern.sty
Package: lmodern 2015/05/01 v1.6.1 Latin Modern Fonts
LaTeX Font Info:    Overwriting symbol font `operators' in version `normal'
(Font)                  OT1/cmr/m/n --> OT1/lmr/m/n on input line 22.
LaTeX Font Info:    Overwriting symbol font `letters' in version `normal'
(Font)                  OML/cmm/m/it --> OML/lmm/m/it on input line 23.
LaTeX Font Info:    Overwriting symbol font `symbols' in version `normal'
(Font)                  OMS/cmsy/m/n --> OMS/lmsy/m/n on input line 24.
LaTeX Font Info:    Overwriting symbol font `largesymbols' in version `normal'
(Font)                  OMX/cmex/m/n --> OMX/lmex/m/n on input line 25.
LaTeX Font Info:    Overwriting symbol font `operators' in version `bold'
(Font)                  OT1/cmr/bx/n --> OT1/lmr/bx/n on input line 26.
LaTeX Font Info:    Overwriting symbol font `letters' in version `bold'
(Font)                  OML/cmm/b/it --> OML/lmm/b/it on input line 27.
LaTeX Font Info:    Overwriting symbol font `symbols' in version `bold'
(Font)                  OMS/cmsy/b/n --> OMS/lmsy/b/n on input line 28.
LaTeX Font Info:    Overwriting symbol font `largesymbols' in version `bold'
(Font)                  OMX/cmex/m/n --> OMX/lmex/m/n on input line 29.
LaTeX Font Info:    Overwriting math alphabet `\mathbf' in version `normal'
(Font)                  OT1/cmr/bx/n --> OT1/lmr/bx/n on input line 31.
LaTeX Font Info:    Overwriting math alphabet `\mathsf' in version `normal'
(Font)                  OT1/cmss/m/n --> OT1/lmss/m/n on input line 32.
LaTeX Font Info:    Overwriting math alphabet `\mathit' in version `normal'
(Font)                  OT1/cmr/m/it --> OT1/lmr/m/it on input line 33.
LaTeX Font Info:    Overwriting math alphabet `\mathtt' in version `normal'
(Font)                  OT1/cmtt/m/n --> OT1/lmtt/m/n on input line 34.
LaTeX Font Info:    Overwriting math alphabet `\mathbf' in version `bold'
(Font)                  OT1/cmr/bx/n --> OT1/lmr/bx/n on input line 35.
LaTeX Font Info:    Overwriting math alphabet `\mathsf' in version `bold'
(Font)                  OT1/cmss/bx/n --> OT1/lmss/bx/n on input line 36.
LaTeX Font Info:    Overwriting math alphabet `\mathit' in version `bold'
(Font)                  OT1/cmr/bx/it --> OT1/lmr/bx/it on input line 37.
LaTeX Font Info:    Overwriting math alphabet `\mathtt' in version `bold'
(Font)                  OT1/cmtt/m/n --> OT1/lmtt/m/n on input line 38.
)
(/nix/store/xym6hj82qja3j0k2wmglinim3lgx0ccg-texlive-combined-full-2021.2021040
8/share/texmf/tex/latex/carlito/carlito.sty
Package: carlito 2014/08/20 (Bob Tennent) Supports Carlito fonts for LaTeX, pdf
LaTeX, luaLaTeX and xeLaTeX.

(/nix/store/xym6hj82qja3j0k2wmglinim3lgx0ccg-texlive-combined-full-2021.2021040
8/share/texmf/tex/latex/xkeyval/xkeyval.sty
Package: xkeyval 2020/11/20 v2.8 package option processing (HA)

(/nix/store/xym6hj82qja3j0k2wmglinim3lgx0ccg-texlive-combined-full-2021.2021040
8/share/texmf/tex/generic/xkeyval/xkeyval.tex
(/nix/store/xym6hj82qja3j0k2wmglinim3lgx0ccg-texlive-combined-full-2021.2021040
8/share/texmf/tex/generic/xkeyval/xkvutils.tex
\XKV@toks=\toks45
\XKV@tempa@toks=\toks46
)
\XKV@depth=\count324
File: xkeyval.tex 2014/12/03 v2.7a key=value parser (HA)
))
(/nix/store/xym6hj82qja3j0k2wmglinim3lgx0ccg-texlive-combined-full-2021.2021040
8/share/texmf/tex/latex/base/textcomp.sty
Package: textcomp 2020/02/02 v2.0n Standard LaTeX package
)
(/nix/store/xym6hj82qja3j0k2wmglinim3lgx0ccg-texlive-combined-full-2021.2021040
8/share/texmf/tex/latex/base/fontenc.sty
Package: fontenc 2020/08/10 v2.0s Standard LaTeX package
LaTeX Font Info:    Trying to load font information for OT1+lmss on input line 
112.

(/nix/store/xym6hj82qja3j0k2wmglinim3lgx0ccg-texlive-combined-full-2021.2021040
8/share/texmf/tex/latex/lm/ot1lmss.fd
File: ot1lmss.fd 2015/05/01 v1.6.1 Font defs for Latin Modern
))
(/nix/store/xym6hj82qja3j0k2wmglinim3lgx0ccg-texlive-combined-full-2021.2021040
8/share/texmf/tex/latex/fontaxes/fontaxes.sty
Package: fontaxes 2020/07/21 v1.0e Font selection axes
LaTeX Info: Redefining \upshape on input line 29.
LaTeX Info: Redefining \itshape on input line 31.
LaTeX Info: Redefining \slshape on input line 33.
LaTeX Info: Redefining \swshape on input line 35.
LaTeX Info: Redefining \scshape on input line 37.
LaTeX Info: Redefining \sscshape on input line 39.
LaTeX Info: Redefining \ulcshape on input line 41.
LaTeX Info: Redefining \textsw on input line 47.
LaTeX Info: Redefining \textssc on input line 48.
LaTeX Info: Redefining \textulc on input line 49.
)
LaTeX Info: Redefining \textin on input line 153.
)
(/nix/store/xym6hj82qja3j0k2wmglinim3lgx0ccg-texlive-combined-full-2021.2021040
8/share/texmf/tex/latex/doublestroke/dsfont.sty
Package: dsfont 1995/08/01 v0.1 Double stroke roman fonts
)
(/nix/store/xym6hj82qja3j0k2wmglinim3lgx0ccg-texlive-combined-full-2021.2021040
8/share/texmf/tex/latex/dejavu/DejaVuSansMono.sty
Package: DejaVuSansMono 2011/06/01 Style file for DejaVuSansMono.
)
(/nix/store/xym6hj82qja3j0k2wmglinim3lgx0ccg-texlive-combined-full-2021.2021040
8/share/texmf/tex/latex/cmap/cmap.sty
Package: cmap 2021/02/06 v1.0j CMap support: searchable PDF


Package cmap Warning: fontenc already loaded - some fonts may be unprocessed.

)
(/nix/store/xym6hj82qja3j0k2wmglinim3lgx0ccg-texlive-combined-full-2021.2021040
8/share/texmf/tex/latex/base/fontenc.sty
Package: fontenc 2020/08/10 v2.0s Standard LaTeX package
LaTeX Font Info:    Trying to load font information for T1+Carlito-LF on input 
line 112.

(/nix/store/xym6hj82qja3j0k2wmglinim3lgx0ccg-texlive-combined-full-2021.2021040
8/share/texmf/tex/latex/carlito/T1Carlito-LF.fd
File: T1Carlito-LF.fd 2014/08/20 (autoinst) Font definitions for T1/Carlito-LF.

)
LaTeX Font Info:    Font shape `T1/Carlito-LF/m/n' will be
(Font)              scaled to size 10.95pt on input line 112.
<<t1.cmap>>)
(/nix/store/xym6hj82qja3j0k2wmglinim3lgx0ccg-texlive-combined-full-2021.2021040
8/share/texmf/tex/latex/setspace/setspace.sty
Package: setspace 2011/12/19 v6.7a set line spacing
)
(/nix/store/xym6hj82qja3j0k2wmglinim3lgx0ccg-texlive-combined-full-2021.2021040
8/share/texmf/tex/latex/fibeamer/theme/mu/beamercolorthemefibeamer-mu.sty
Package: fibeamer/theme/mu/beamercolorthemefibeamer-mu 2016/05/06

(/nix/store/xym6hj82qja3j0k2wmglinim3lgx0ccg-texlive-combined-full-2021.2021040
8/share/texmf/tex/latex/listings/listings.sty
\lst@mode=\count325
\lst@gtempboxa=\box72
\lst@token=\toks47
\lst@length=\count326
\lst@currlwidth=\dimen285
\lst@column=\count327
\lst@pos=\count328
\lst@lostspace=\dimen286
\lst@width=\dimen287
\lst@newlines=\count329
\lst@lineno=\count330
\lst@maxwidth=\dimen288

(/nix/store/xym6hj82qja3j0k2wmglinim3lgx0ccg-texlive-combined-full-2021.2021040
8/share/texmf/tex/latex/listings/lstmisc.sty
File: lstmisc.sty 2020/03/24 1.8d (Carsten Heinz)
\c@lstnumber=\count331
\lst@skipnumbers=\count332
\lst@framebox=\box73
)
(/nix/store/xym6hj82qja3j0k2wmglinim3lgx0ccg-texlive-combined-full-2021.2021040
8/share/texmf/tex/latex/listings/listings.cfg
File: listings.cfg 2020/03/24 1.8d listings configuration
))
Package: listings 2020/03/24 1.8d (Carsten Heinz)

(/nix/store/xym6hj82qja3j0k2wmglinim3lgx0ccg-texlive-combined-full-2021.2021040
8/share/texmf/tex/latex/pgf/frontendlayer/tikz.sty
(/nix/store/xym6hj82qja3j0k2wmglinim3lgx0ccg-texlive-combined-full-2021.2021040
8/share/texmf/tex/latex/pgf/basiclayer/pgf.sty
Package: pgf 2020/12/27 v3.1.8b (3.1.8b)

(/nix/store/xym6hj82qja3j0k2wmglinim3lgx0ccg-texlive-combined-full-2021.2021040
8/share/texmf/tex/generic/pgf/modules/pgfmoduleshapes.code.tex
File: pgfmoduleshapes.code.tex 2020/12/27 v3.1.8b (3.1.8b)
\pgfnodeparttextbox=\box74
)
(/nix/store/xym6hj82qja3j0k2wmglinim3lgx0ccg-texlive-combined-full-2021.2021040
8/share/texmf/tex/generic/pgf/modules/pgfmoduleplot.code.tex
File: pgfmoduleplot.code.tex 2020/12/27 v3.1.8b (3.1.8b)
)
(/nix/store/xym6hj82qja3j0k2wmglinim3lgx0ccg-texlive-combined-full-2021.2021040
8/share/texmf/tex/latex/pgf/compatibility/pgfcomp-version-0-65.sty
Package: pgfcomp-version-0-65 2020/12/27 v3.1.8b (3.1.8b)
\pgf@nodesepstart=\dimen289
\pgf@nodesepend=\dimen290
)
(/nix/store/xym6hj82qja3j0k2wmglinim3lgx0ccg-texlive-combined-full-2021.2021040
8/share/texmf/tex/latex/pgf/compatibility/pgfcomp-version-1-18.sty
Package: pgfcomp-version-1-18 2020/12/27 v3.1.8b (3.1.8b)
))
(/nix/store/xym6hj82qja3j0k2wmglinim3lgx0ccg-texlive-combined-full-2021.2021040
8/share/texmf/tex/latex/pgf/utilities/pgffor.sty
(/nix/store/xym6hj82qja3j0k2wmglinim3lgx0ccg-texlive-combined-full-2021.2021040
8/share/texmf/tex/latex/pgf/utilities/pgfkeys.sty
(/nix/store/xym6hj82qja3j0k2wmglinim3lgx0ccg-texlive-combined-full-2021.2021040
8/share/texmf/tex/generic/pgf/utilities/pgfkeys.code.tex))
(/nix/store/xym6hj82qja3j0k2wmglinim3lgx0ccg-texlive-combined-full-2021.2021040
8/share/texmf/tex/latex/pgf/math/pgfmath.sty
(/nix/store/xym6hj82qja3j0k2wmglinim3lgx0ccg-texlive-combined-full-2021.2021040
8/share/texmf/tex/generic/pgf/math/pgfmath.code.tex))
(/nix/store/xym6hj82qja3j0k2wmglinim3lgx0ccg-texlive-combined-full-2021.2021040
8/share/texmf/tex/generic/pgf/utilities/pgffor.code.tex
Package: pgffor 2020/12/27 v3.1.8b (3.1.8b)

(/nix/store/xym6hj82qja3j0k2wmglinim3lgx0ccg-texlive-combined-full-2021.2021040
8/share/texmf/tex/generic/pgf/math/pgfmath.code.tex)
\pgffor@iter=\dimen291
\pgffor@skip=\dimen292
\pgffor@stack=\toks48
\pgffor@toks=\toks49
))
(/nix/store/xym6hj82qja3j0k2wmglinim3lgx0ccg-texlive-combined-full-2021.2021040
8/share/texmf/tex/generic/pgf/frontendlayer/tikz/tikz.code.tex
Package: tikz 2020/12/27 v3.1.8b (3.1.8b)

(/nix/store/xym6hj82qja3j0k2wmglinim3lgx0ccg-texlive-combined-full-2021.2021040
8/share/texmf/tex/generic/pgf/libraries/pgflibraryplothandlers.code.tex
File: pgflibraryplothandlers.code.tex 2020/12/27 v3.1.8b (3.1.8b)
\pgf@plot@mark@count=\count333
\pgfplotmarksize=\dimen293
)
\tikz@lastx=\dimen294
\tikz@lasty=\dimen295
\tikz@lastxsaved=\dimen296
\tikz@lastysaved=\dimen297
\tikz@lastmovetox=\dimen298
\tikz@lastmovetoy=\dimen299
\tikzleveldistance=\dimen300
\tikzsiblingdistance=\dimen301
\tikz@figbox=\box75
\tikz@figbox@bg=\box76
\tikz@tempbox=\box77
\tikz@tempbox@bg=\box78
\tikztreelevel=\count334
\tikznumberofchildren=\count335
\tikznumberofcurrentchild=\count336
\tikz@fig@count=\count337

(/nix/store/xym6hj82qja3j0k2wmglinim3lgx0ccg-texlive-combined-full-2021.2021040
8/share/texmf/tex/generic/pgf/modules/pgfmodulematrix.code.tex
File: pgfmodulematrix.code.tex 2020/12/27 v3.1.8b (3.1.8b)
\pgfmatrixcurrentrow=\count338
\pgfmatrixcurrentcolumn=\count339
\pgf@matrix@numberofcolumns=\count340
)
\tikz@expandcount=\count341

(/nix/store/xym6hj82qja3j0k2wmglinim3lgx0ccg-texlive-combined-full-2021.2021040
8/share/texmf/tex/generic/pgf/frontendlayer/tikz/libraries/tikzlibrarytopaths.c
ode.tex
File: tikzlibrarytopaths.code.tex 2020/12/27 v3.1.8b (3.1.8b)
)))
Package hyperref Info: Option `colorlinks' set `true' on input line 86.
)
(/nix/store/xym6hj82qja3j0k2wmglinim3lgx0ccg-texlive-combined-full-2021.2021040
8/share/texmf/tex/latex/fibeamer/theme/mu/beamercolorthemefibeamer-mu-fi.sty
Package: fibeamer/theme/mu/beamercolorthemefibeamer-mu-fi 2016/06/16
)
(/nix/store/xym6hj82qja3j0k2wmglinim3lgx0ccg-texlive-combined-full-2021.2021040
8/share/texmf/tex/latex/fibeamer/theme/mu/beamerfontthemefibeamer-mu.sty
Package: fibeamer/theme/mu/beamerfontthemefibeamer-mu 2016/01/12
)
(/nix/store/xym6hj82qja3j0k2wmglinim3lgx0ccg-texlive-combined-full-2021.2021040
8/share/texmf/tex/latex/fibeamer/theme/mu/beamerinnerthemefibeamer-mu.sty
Package: fibeamer/theme/mu/beamerinnerthemefibeamer-mu 2016/01/14
)
(/nix/store/xym6hj82qja3j0k2wmglinim3lgx0ccg-texlive-combined-full-2021.2021040
8/share/texmf/tex/latex/fibeamer/theme/mu/beamerouterthemefibeamer-mu.sty
Package: fibeamer/theme/mu/beamerouterthemefibeamer-mu 2016/01/12
\fibeamer@lengths@baseunit=\skip65
\fibeamer@lengths@footerpad=\skip66
\fibeamer@lengths@margin=\skip67
\fibeamer@lengths@titleline=\skip68
\fibeamer@lengths@clipbottom=\skip69
\fibeamer@lengths@cliptop=\skip70
\fibeamer@lengths@logowidth=\skip71
\fibeamer@lengths@logoheight=\skip72
))
(/nix/store/xym6hj82qja3j0k2wmglinim3lgx0ccg-texlive-combined-full-2021.2021040
8/share/texmf/tex/latex/base/inputenc.sty
Package: inputenc 2020/08/01 v1.3d Input encoding file
\inpenc@prehook=\toks50
\inpenc@posthook=\toks51
)
(/nix/store/xym6hj82qja3j0k2wmglinim3lgx0ccg-texlive-combined-full-2021.2021040
8/share/texmf/tex/generic/babel/babel.sty
Package: babel 2021/03/24 3.56 The Babel package

(/nix/store/xym6hj82qja3j0k2wmglinim3lgx0ccg-texlive-combined-full-2021.2021040
8/share/texmf/tex/generic/babel/babel.def
File: babel.def 2021/03/24 3.56 Babel common definitions
\babel@savecnt=\count342
\U@D=\dimen302
\l@babelnohyphens=\language87

(/nix/store/xym6hj82qja3j0k2wmglinim3lgx0ccg-texlive-combined-full-2021.2021040
8/share/texmf/tex/generic/babel/txtbabel.def)
\bbl@readstream=\read3
)
LaTeX Info: Redefining \textlatin on input line 717.
\bbl@dirlevel=\count343

(/nix/store/xym6hj82qja3j0k2wmglinim3lgx0ccg-texlive-combined-full-2021.2021040
8/share/texmf/tex/generic/babel-czech/czech.ldf
Language: czech 2008/07/06 v3.1a Czech support from the babel system
Package babel Info: Making " an active character on input line 172.
\cs@wordlen=\count344
Package babel Info: Making - an active character on input line 226.
)
(/nix/store/xym6hj82qja3j0k2wmglinim3lgx0ccg-texlive-combined-full-2021.2021040
8/share/texmf/tex/generic/babel-slovak/slovak.ldf
Language: slovak 2008/07/06 v3.1a Slovak support from the babel system
Package babel Info: Making ^ an active character on input line 123.
Package babel Info: Making ' an active character on input line 129.
LaTeX Info: Redefining \uv on input line 278.
\cs@wordlen=\count345
)
(/nix/store/xym6hj82qja3j0k2wmglinim3lgx0ccg-texlive-combined-full-2021.2021040
8/share/texmf/tex/generic/babel-english/english.ldf
Language: english 2017/06/06 v3.3r English support from the babel system
Package babel Info: \l@canadian = using hyphenrules for english
(babel)             (\language0) on input line 102.
Package babel Info: \l@australian = using hyphenrules for ukenglish
(babel)             (\language21) on input line 105.
Package babel Info: \l@newzealand = using hyphenrules for ukenglish
(babel)             (\language21) on input line 108.
))
(/nix/store/xym6hj82qja3j0k2wmglinim3lgx0ccg-texlive-combined-full-2021.2021040
8/share/texmf/tex/generic/stringenc/se-pdfdoc.def
File: se-pdfdoc.def 2019/11/29 v1.12 stringenc: PDFDocEncoding
)
(/nix/store/xym6hj82qja3j0k2wmglinim3lgx0ccg-texlive-combined-full-2021.2021040
8/share/texmf/tex/latex/ragged2e/ragged2e.sty
Package: ragged2e 2021/02/05 v3.0 ragged2e Package

(/nix/store/xym6hj82qja3j0k2wmglinim3lgx0ccg-texlive-combined-full-2021.2021040
8/share/texmf/tex/latex/everysel/everysel.sty
Package: everysel 2021/01/20 v2.1 EverySelectfont Package (MS)

(/nix/store/xym6hj82qja3j0k2wmglinim3lgx0ccg-texlive-combined-full-2021.2021040
8/share/texmf/tex/latex/everysel/everysel-2011-10-28.sty))
\CenteringLeftskip=\skip73
\RaggedLeftLeftskip=\skip74
\RaggedRightLeftskip=\skip75
\CenteringRightskip=\skip76
\RaggedLeftRightskip=\skip77
\RaggedRightRightskip=\skip78
\CenteringParfillskip=\skip79
\RaggedLeftParfillskip=\skip80
\RaggedRightParfillskip=\skip81
\JustifyingParfillskip=\skip82
\CenteringParindent=\skip83
\RaggedLeftParindent=\skip84
\RaggedRightParindent=\skip85
\JustifyingParindent=\skip86
)
(/nix/store/xym6hj82qja3j0k2wmglinim3lgx0ccg-texlive-combined-full-2021.2021040
8/share/texmf/tex/latex/booktabs/booktabs.sty
Package: booktabs 2020/01/12 v1.61803398 Publication quality tables
\heavyrulewidth=\dimen303
\lightrulewidth=\dimen304
\cmidrulewidth=\dimen305
\belowrulesep=\dimen306
\belowbottomsep=\dimen307
\aboverulesep=\dimen308
\abovetopsep=\dimen309
\cmidrulesep=\dimen310
\cmidrulekern=\dimen311
\defaultaddspace=\dimen312
\@cmidla=\count346
\@cmidlb=\count347
\@aboverulesep=\dimen313
\@belowrulesep=\dimen314
\@thisruleclass=\count348
\@lastruleclass=\count349
\@thisrulewidth=\dimen315
)
(/nix/store/xym6hj82qja3j0k2wmglinim3lgx0ccg-texlive-combined-full-2021.2021040
8/share/texmf/tex/latex/tools/tabularx.sty
Package: tabularx 2020/01/15 v2.11c `tabularx' package (DPC)

(/nix/store/xym6hj82qja3j0k2wmglinim3lgx0ccg-texlive-combined-full-2021.2021040
8/share/texmf/tex/latex/tools/array.sty
Package: array 2020/10/01 v2.5c Tabular extension package (FMi)
\col@sep=\dimen316
\ar@mcellbox=\box79
\extrarowheight=\dimen317
\NC@list=\toks52
\extratabsurround=\skip87
\backup@length=\skip88
\ar@cellbox=\box80
)
\TX@col@width=\dimen318
\TX@old@table=\dimen319
\TX@old@col=\dimen320
\TX@target=\dimen321
\TX@delta=\dimen322
\TX@cols=\count350
\TX@ftn=\toks53
)
(/nix/store/xym6hj82qja3j0k2wmglinim3lgx0ccg-texlive-combined-full-2021.2021040
8/share/texmf/tex/latex/float/float.sty
Package: float 2001/11/08 v1.3d Float enhancements (AL)
\c@float@type=\count351
\float@exts=\toks54
\float@box=\box81
\@float@everytoks=\toks55
\@floatcapt=\box82
)
(/nix/store/xym6hj82qja3j0k2wmglinim3lgx0ccg-texlive-combined-full-2021.2021040
8/share/texmf/tex/latex/caption/caption.sty
Package: caption 2020/10/26 v3.5g Customizing captions (AR)

(/nix/store/xym6hj82qja3j0k2wmglinim3lgx0ccg-texlive-combined-full-2021.2021040
8/share/texmf/tex/latex/caption/caption3.sty
Package: caption3 2020/10/21 v2.2e caption3 kernel (AR)
\captionmargin=\dimen323
\captionmargin@=\dimen324
\captionwidth=\dimen325
\caption@tempdima=\dimen326
\caption@indent=\dimen327
\caption@parindent=\dimen328
\caption@hangindent=\dimen329
Package caption Info: beamer document class detected.

(/nix/store/xym6hj82qja3j0k2wmglinim3lgx0ccg-texlive-combined-full-2021.2021040
8/share/texmf/tex/latex/caption/caption-beamer.sto
File: caption-beamer.sto 2020/08/22 v2.0 Adaption of the caption package to the
 beamer document classes (AR)
))
\c@caption@flags=\count352
\c@continuedfloat=\count353
Package caption Info: float package is loaded.
Package caption Info: hyperref package is loaded.
Package caption Info: Hyperref support is turned off
(caption)             because hyperref has stopped early.
Package caption Info: listings package is loaded.
)
(/nix/store/xym6hj82qja3j0k2wmglinim3lgx0ccg-texlive-combined-full-2021.2021040
8/share/texmf/tex/latex/minted/minted.sty
Package: minted 2017/07/19 v2.5 Yet another Pygments shim for LaTeX

(/nix/store/xym6hj82qja3j0k2wmglinim3lgx0ccg-texlive-combined-full-2021.2021040
8/share/texmf/tex/latex/fvextra/fvextra.sty
Package: fvextra 2019/02/04 v1.4 fvextra - extensions and patches for fancyvrb

(/nix/store/xym6hj82qja3j0k2wmglinim3lgx0ccg-texlive-combined-full-2021.2021040
8/share/texmf/tex/latex/fancyvrb/fancyvrb.sty
Package: fancyvrb 2021/01/20 v3.7 verbatim text (tvz,hv)
\FV@CodeLineNo=\count354
\FV@InFile=\read4
\FV@TabBox=\box83
\c@FancyVerbLine=\count355
\FV@StepNumber=\count356
\FV@OutFile=\write5
)
(/nix/store/xym6hj82qja3j0k2wmglinim3lgx0ccg-texlive-combined-full-2021.2021040
8/share/texmf/tex/latex/upquote/upquote.sty
Package: upquote 2012/04/19 v1.3 upright-quote and grave-accent glyphs in verba
tim
)
(/nix/store/xym6hj82qja3j0k2wmglinim3lgx0ccg-texlive-combined-full-2021.2021040
8/share/texmf/tex/latex/lineno/lineno.sty
Package: lineno 2005/11/02 line numbers on paragraphs v4.41
\linenopenalty=\count357
\output=\toks56
\linenoprevgraf=\count358
\linenumbersep=\dimen330
\linenumberwidth=\dimen331
\c@linenumber=\count359
\c@pagewiselinenumber=\count360
\c@LN@truepage=\count361
\c@internallinenumber=\count362
\c@internallinenumbers=\count363
\quotelinenumbersep=\dimen332
\bframerule=\dimen333
\bframesep=\dimen334
\bframebox=\box84
LaTeX Info: Redefining \\ on input line 3056.
)
\c@FV@TrueTabGroupLevel=\count364
\c@FV@TrueTabCounter=\count365
\FV@TabBox@Group=\box85
\FV@TmpLength=\skip89
\c@FV@HighlightLinesStart=\count366
\c@FV@HighlightLinesStop=\count367
\FV@LoopCount=\count368
\FV@NCharsBox=\box86
\FV@BreakIndent=\dimen335
\FV@BreakIndentNChars=\count369
\FV@BreakSymbolSepLeft=\dimen336
\FV@BreakSymbolSepLeftNChars=\count370
\FV@BreakSymbolSepRight=\dimen337
\FV@BreakSymbolSepRightNChars=\count371
\FV@BreakSymbolIndentLeft=\dimen338
\FV@BreakSymbolIndentLeftNChars=\count372
\FV@BreakSymbolIndentRight=\dimen339
\FV@BreakSymbolIndentRightNChars=\count373
\c@FancyVerbLineBreakLast=\count374
\FV@LineBox=\box87
\FV@LineIndentBox=\box88
\FV@LineWidth=\dimen340
)
(/nix/store/xym6hj82qja3j0k2wmglinim3lgx0ccg-texlive-combined-full-2021.2021040
8/share/texmf/tex/latex/tools/calc.sty
Package: calc 2017/05/25 v4.3 Infix arithmetic (KKT,FJ)
\calc@Acount=\count375
\calc@Bcount=\count376
\calc@Adimen=\dimen341
\calc@Bdimen=\dimen342
\calc@Askip=\skip90
\calc@Bskip=\skip91
LaTeX Info: Redefining \setlength on input line 80.
LaTeX Info: Redefining \addtolength on input line 81.
\calc@Ccount=\count377
\calc@Cskip=\skip92
)
(/nix/store/xym6hj82qja3j0k2wmglinim3lgx0ccg-texlive-combined-full-2021.2021040
8/share/texmf/tex/latex/tools/shellesc.sty
Package: shellesc 2019/11/08 v1.0c unified shell escape interface for LaTeX
Package shellesc Info: Restricted shell escape enabled on input line 77.
)
(/nix/store/xym6hj82qja3j0k2wmglinim3lgx0ccg-texlive-combined-full-2021.2021040
8/share/texmf/tex/latex/ifplatform/ifplatform.sty
Package: ifplatform 2017/10/13 v0.4a Testing for the operating system

(/nix/store/xym6hj82qja3j0k2wmglinim3lgx0ccg-texlive-combined-full-2021.2021040
8/share/texmf/tex/generic/catchfile/catchfile.sty
Package: catchfile 2019/12/09 v1.8 Catch the contents of a file (HO)
)

Package ifplatform Warning: 
    shell escape is disabled, so I can only detect \ifwindows.

)
(/nix/store/xym6hj82qja3j0k2wmglinim3lgx0ccg-texlive-combined-full-2021.2021040
8/share/texmf/tex/generic/xstring/xstring.sty
(/nix/store/xym6hj82qja3j0k2wmglinim3lgx0ccg-texlive-combined-full-2021.2021040
8/share/texmf/tex/generic/xstring/xstring.tex
\integerpart=\count378
\decimalpart=\count379
)
Package: xstring 2019/02/06 v1.83 String manipulations (CT)
)
(/nix/store/xym6hj82qja3j0k2wmglinim3lgx0ccg-texlive-combined-full-2021.2021040
8/share/texmf/tex/latex/framed/framed.sty
Package: framed 2011/10/22 v 0.96: framed or shaded text with page breaks
\OuterFrameSep=\skip93
\fb@frw=\dimen343
\fb@frh=\dimen344
\FrameRule=\dimen345
\FrameSep=\dimen346
)
\minted@appexistsfile=\read5
\minted@bgbox=\box89
\minted@code=\write6
\c@minted@FancyVerbLineTemp=\count380
\c@minted@pygmentizecounter=\count381
\@float@every@listing=\toks57
\c@listing=\count382
)

! Package minted Error: You must invoke LaTeX with the -shell-escape flag.

See the minted package documentation for explanation.
Type  H <return>  for immediate help.
 ...                                              
                                                  
l.60 
     
? 

(/nix/store/xym6hj82qja3j0k2wmglinim3lgx0ccg-texlive-combined-full-2021.2021040
8/share/texmf/tex/latex/listings/lstlang1.sty
File: lstlang1.sty 2020/03/24 1.8d listings language file
)
(/nix/store/xym6hj82qja3j0k2wmglinim3lgx0ccg-texlive-combined-full-2021.2021040
8/share/texmf/tex/latex/listings/lstlang2.sty
File: lstlang2.sty 2020/03/24 1.8d listings language file
)
runsystem(which pygmentize && touch fibeamer.aex)...disabled (restricted).



! Package minted Error: You must have `pygmentize' installed to use this packag
e.

See the minted package documentation for explanation.
Type  H <return>  for immediate help.
 ...                                              
                                                  
l.85 \begin{document}
                     
? 

(/nix/store/xym6hj82qja3j0k2wmglinim3lgx0ccg-texlive-combined-full-2021.2021040
8/share/texmf/tex/latex/l3backend/l3backend-pdftex.def
File: l3backend-pdftex.def 2021-03-18 L3 backend support: PDF output (pdfTeX)
\l__color_backend_stack_int=\count383
\l__pdf_internal_box=\box90
) (./fibeamer.aux)
\openout1 = `fibeamer.aux'.

LaTeX Font Info:    Checking defaults for OML/cmm/m/it on input line 85.
LaTeX Font Info:    ... okay on input line 85.
LaTeX Font Info:    Checking defaults for OMS/cmsy/m/n on input line 85.
LaTeX Font Info:    ... okay on input line 85.
LaTeX Font Info:    Checking defaults for OT1/cmr/m/n on input line 85.
LaTeX Font Info:    ... okay on input line 85.
LaTeX Font Info:    Checking defaults for T1/cmr/m/n on input line 85.
LaTeX Font Info:    ... okay on input line 85.
LaTeX Font Info:    Checking defaults for TS1/cmr/m/n on input line 85.
LaTeX Font Info:    ... okay on input line 85.
LaTeX Font Info:    Checking defaults for OMX/cmex/m/n on input line 85.
LaTeX Font Info:    ... okay on input line 85.
LaTeX Font Info:    Checking defaults for U/cmr/m/n on input line 85.
LaTeX Font Info:    ... okay on input line 85.
LaTeX Font Info:    Checking defaults for PD1/pdf/m/n on input line 85.
LaTeX Font Info:    ... okay on input line 85.
LaTeX Font Info:    Checking defaults for PU/pdf/m/n on input line 85.
LaTeX Font Info:    ... okay on input line 85.

*geometry* driver: auto-detecting
*geometry* detected driver: pdftex
*geometry* verbose mode - [ preamble ] result:
* driver: pdftex
* paper: custom
* layout: <same size as paper>
* layoutoffset:(h,v)=(0.0pt,0.0pt)
* modes: includehead includefoot 
* h-part:(L,W,R)=(32.00931pt, 300.17674pt, 32.00931pt)
* v-part:(T,H,B)=(0.0pt, 273.14662pt, 0.0pt)
* \paperwidth=364.19536pt
* \paperheight=273.14662pt
* \textwidth=300.17674pt
* \textheight=244.6939pt
* \oddsidemargin=-40.26068pt
* \evensidemargin=-40.26068pt
* \topmargin=-72.26999pt
* \headheight=14.22636pt
* \headsep=0.0pt
* \topskip=11.0pt
* \footskip=14.22636pt
* \marginparwidth=4.0pt
* \marginparsep=10.0pt
* \columnsep=10.0pt
* \skip\footins=10.0pt plus 4.0pt minus 2.0pt
* \hoffset=0.0pt
* \voffset=0.0pt
* \mag=1000
* \@twocolumnfalse
* \@twosidefalse
* \@mparswitchfalse
* \@reversemarginfalse
* (1in=72.27pt=25.4mm, 1cm=28.453pt)


(/nix/store/xym6hj82qja3j0k2wmglinim3lgx0ccg-texlive-combined-full-2021.2021040
8/share/texmf/tex/context/base/mkii/supp-pdf.mkii
[Loading MPS to PDF converter (version 2006.09.02).]
\scratchcounter=\count384
\scratchdimen=\dimen347
\scratchbox=\box91
\nofMPsegments=\count385
\nofMParguments=\count386
\everyMPshowfont=\toks58
\MPscratchCnt=\count387
\MPscratchDim=\dimen348
\MPnumerator=\count388
\makeMPintoPDFobject=\count389
\everyMPtoPDFconversion=\toks59
)
(/nix/store/xym6hj82qja3j0k2wmglinim3lgx0ccg-texlive-combined-full-2021.2021040
8/share/texmf/tex/latex/epstopdf-pkg/epstopdf-base.sty
Package: epstopdf-base 2020-01-24 v2.11 Base part for package epstopdf
Package epstopdf-base Info: Redefining graphics rule for `.eps' on input line 4
85.

(/nix/store/xym6hj82qja3j0k2wmglinim3lgx0ccg-texlive-combined-full-2021.2021040
8/share/texmf/tex/latex/latexconfig/epstopdf-sys.cfg
File: epstopdf-sys.cfg 2010/07/13 v1.3 Configuration of (r)epstopdf for TeX Liv
e
))
Package hyperref Info: Link coloring ON on input line 85.

(/nix/store/xym6hj82qja3j0k2wmglinim3lgx0ccg-texlive-combined-full-2021.2021040
8/share/texmf/tex/latex/hyperref/nameref.sty
Package: nameref 2021-04-02 v2.47 Cross-referencing by name of section

(/nix/store/xym6hj82qja3j0k2wmglinim3lgx0ccg-texlive-combined-full-2021.2021040
8/share/texmf/tex/latex/refcount/refcount.sty
Package: refcount 2019/12/15 v3.6 Data extraction from label references (HO)
)
(/nix/store/xym6hj82qja3j0k2wmglinim3lgx0ccg-texlive-combined-full-2021.2021040
8/share/texmf/tex/generic/gettitlestring/gettitlestring.sty
Package: gettitlestring 2019/12/15 v1.6 Cleanup title references (HO)
)
\c@section@level=\count390
)
LaTeX Info: Redefining \ref on input line 85.
LaTeX Info: Redefining \pageref on input line 85.
LaTeX Info: Redefining \nameref on input line 85.
 (./fibeamer.out)
(./fibeamer.out)
\@outlinefile=\write7
\openout7 = `fibeamer.out'.

LaTeX Font Info:    Overwriting symbol font `operators' in version `normal'
(Font)                  OT1/lmr/m/n --> OT1/cmss/m/n on input line 85.
LaTeX Font Info:    Overwriting symbol font `operators' in version `bold'
(Font)                  OT1/lmr/bx/n --> OT1/cmss/b/n on input line 85.
LaTeX Font Info:    Overwriting symbol font `operators' in version `normal'
(Font)                  OT1/cmss/m/n --> OT1/Carlito-LF/m/n on input line 85.
LaTeX Font Info:    Overwriting symbol font `operators' in version `bold'
(Font)                  OT1/cmss/b/n --> OT1/Carlito-LF/b/n on input line 85.
\symnumbers=\mathgroup6
\sympureletters=\mathgroup7
LaTeX Font Info:    Overwriting math alphabet `\mathrm' in version `normal'
(Font)                  OT1/Carlito-LF/m/n --> T1/lmr/m/n on input line 85.
LaTeX Font Info:    Redeclaring math alphabet \mathbf on input line 85.
LaTeX Font Info:    Overwriting math alphabet `\mathbf' in version `normal'
(Font)                  OT1/lmr/bx/n --> T1/Carlito-LF/b/n on input line 85.
LaTeX Font Info:    Overwriting math alphabet `\mathbf' in version `bold'
(Font)                  OT1/lmr/bx/n --> T1/Carlito-LF/b/n on input line 85.
LaTeX Font Info:    Redeclaring math alphabet \mathsf on input line 85.
LaTeX Font Info:    Overwriting math alphabet `\mathsf' in version `normal'
(Font)                  OT1/lmss/m/n --> T1/Carlito-LF/m/n on input line 85.
LaTeX Font Info:    Overwriting math alphabet `\mathsf' in version `bold'
(Font)                  OT1/lmss/bx/n --> T1/Carlito-LF/m/n on input line 85.
LaTeX Font Info:    Redeclaring math alphabet \mathit on input line 85.
LaTeX Font Info:    Overwriting math alphabet `\mathit' in version `normal'
(Font)                  OT1/lmr/m/it --> T1/Carlito-LF/m/it on input line 85.
LaTeX Font Info:    Overwriting math alphabet `\mathit' in version `bold'
(Font)                  OT1/lmr/bx/it --> T1/Carlito-LF/m/it on input line 85.
LaTeX Font Info:    Redeclaring math alphabet \mathtt on input line 85.
LaTeX Font Info:    Overwriting math alphabet `\mathtt' in version `normal'
(Font)                  OT1/lmtt/m/n --> T1/DejaVuSansMono-TLF/m/n on input lin
e 85.
LaTeX Font Info:    Overwriting math alphabet `\mathtt' in version `bold'
(Font)                  OT1/lmtt/m/n --> T1/DejaVuSansMono-TLF/m/n on input lin
e 85.
LaTeX Font Info:    Overwriting symbol font `numbers' in version `bold'
(Font)                  T1/Carlito-LF/m/n --> T1/Carlito-LF/b/n on input line 8
5.
LaTeX Font Info:    Overwriting symbol font `pureletters' in version `bold'
(Font)                  T1/Carlito-LF/m/it --> T1/Carlito-LF/b/it on input line
 85.
LaTeX Font Info:    Overwriting math alphabet `\mathrm' in version `bold'
(Font)                  OT1/Carlito-LF/b/n --> T1/lmr/b/n on input line 85.
LaTeX Font Info:    Overwriting math alphabet `\mathbf' in version `bold'
(Font)                  T1/Carlito-LF/b/n --> T1/Carlito-LF/b/n on input line 8
5.
LaTeX Font Info:    Overwriting math alphabet `\mathsf' in version `bold'
(Font)                  T1/Carlito-LF/m/n --> T1/Carlito-LF/b/n on input line 8
5.
LaTeX Font Info:    Overwriting math alphabet `\mathit' in version `bold'
(Font)                  T1/Carlito-LF/m/it --> T1/Carlito-LF/b/it on input line
 85.
LaTeX Font Info:    Overwriting math alphabet `\mathtt' in version `bold'
(Font)                  T1/DejaVuSansMono-TLF/m/n --> T1/DejaVuSansMono-TLF/b/n
 on input line 85.

(/nix/store/xym6hj82qja3j0k2wmglinim3lgx0ccg-texlive-combined-full-2021.2021040
8/share/texmf/tex/latex/translator/translator-basic-dictionary-English.dict
Dictionary: translator-basic-dictionary, Language: English 
)
(/nix/store/xym6hj82qja3j0k2wmglinim3lgx0ccg-texlive-combined-full-2021.2021040
8/share/texmf/tex/latex/translator/translator-bibliography-dictionary-English.d
ict
Dictionary: translator-bibliography-dictionary, Language: English 
)
(/nix/store/xym6hj82qja3j0k2wmglinim3lgx0ccg-texlive-combined-full-2021.2021040
8/share/texmf/tex/latex/translator/translator-environment-dictionary-English.di
ct
Dictionary: translator-environment-dictionary, Language: English 
)
(/nix/store/xym6hj82qja3j0k2wmglinim3lgx0ccg-texlive-combined-full-2021.2021040
8/share/texmf/tex/latex/translator/translator-months-dictionary-English.dict
Dictionary: translator-months-dictionary, Language: English 
)
(/nix/store/xym6hj82qja3j0k2wmglinim3lgx0ccg-texlive-combined-full-2021.2021040
8/share/texmf/tex/latex/translator/translator-numbers-dictionary-English.dict
Dictionary: translator-numbers-dictionary, Language: English 
)
(/nix/store/xym6hj82qja3j0k2wmglinim3lgx0ccg-texlive-combined-full-2021.2021040
8/share/texmf/tex/latex/translator/translator-theorem-dictionary-English.dict
Dictionary: translator-theorem-dictionary, Language: English 
)
LaTeX Info: Redefining \microtypecontext on input line 85.
Package microtype Info: Generating PDF output.
Package microtype Info: Character protrusion enabled (level 2).
Package microtype Info: Using default protrusion set `alltext'.
Package microtype Info: Automatic font expansion enabled (level 2),
(microtype)             stretch: 20, shrink: 20, step: 1, non-selected.
Package microtype Info: Using default expansion set `alltext-nott'.
LaTeX Info: Redefining \showhyphens on input line 85.
Package microtype Info: No adjustment of tracking.
Package microtype Info: No adjustment of interword spacing.
Package microtype Info: No adjustment of character kerning.
Package microtype Info: Loading generic protrusion settings for font family
(microtype)             `Carlito-LF' (encoding: T1).
(microtype)             For optimal results, create family-specific settings.
(microtype)             See the microtype manual for details.
\c@mv@tabular=\count391
\c@mv@boldtabular=\count392
LaTeX Font Info:    Overwriting symbol font `operators' in version `normal'
(Font)                  OT1/Carlito-LF/m/n --> OT1/zavm/m/n on input line 85.
LaTeX Font Info:    Overwriting symbol font `letters' in version `normal'
(Font)                  OML/lmm/m/it --> OML/zavm/m/it on input line 85.
LaTeX Font Info:    Overwriting symbol font `symbols' in version `normal'
(Font)                  OMS/lmsy/m/n --> OMS/zavm/m/n on input line 85.
LaTeX Font Info:    Overwriting symbol font `largesymbols' in version `normal'
(Font)                  OMX/lmex/m/n --> OMX/iwona/m/n on input line 85.
\c@lstlisting=\count393

ABD: EverySelectfont initializing macros
LaTeX Info: Redefining \selectfont on input line 85.
Package caption Info: Begin \AtBeginDocument code.
Package caption Info: End \AtBeginDocument code.
 (./fibeamer.nav
! Undefined control sequence.
l.1 \beamer@endinputifotherversion
                                   {3.36pt}
? 
)
LaTeX Font Info:    Font shape `T1/Carlito-LF/m/n' will be
(Font)              scaled to size 6.0pt on input line 85.
<figures/CASCON_LOGO.png, id=58, 402.50375pt x 239.89626pt>
File: figures/CASCON_LOGO.png Graphic file (type png)
<use figures/CASCON_LOGO.png>
Package pdftex.def Info: figures/CASCON_LOGO.png  used on input line 86.
(pdftex.def)             Requested size: 149.37239pt x 59.74695pt.
LaTeX Font Info:    Font shape `T1/Carlito-LF/m/n' will be
(Font)              scaled to size 17.28pt on input line 86.
LaTeX Font Info:    Font shape `T1/Carlito-LF/b/n' will be
(Font)              scaled to size 17.28pt on input line 86.
LaTeX Font Info:    Font shape `T1/Carlito-LF/b/n' will be
(Font)              scaled to size 10.95pt on input line 86.

Overfull \hbox (2.0pt too wide) in paragraph at lines 86--86
[][]  
 []

LaTeX Font Info:    Font shape `T1/Carlito-LF/b/n' will be
(Font)              scaled to size 14.4pt on input line 86.
LaTeX Font Info:    Trying to load font information for OT1+zavm on input line 
86.

(/nix/store/xym6hj82qja3j0k2wmglinim3lgx0ccg-texlive-combined-full-2021.2021040
8/share/texmf/tex/latex/arev/ot1zavm.fd
File: ot1zavm.fd 2006/05/30 Fontinst v1.929 font definitions for OT1/zavm.
)<<ot1.cmap>>
Package microtype Info: Loading generic protrusion settings for font family
(microtype)             `zavm' (encoding: OT1).
(microtype)             For optimal results, create family-specific settings.
(microtype)             See the microtype manual for details.
Package microtype Info: Character `textendash ' is missing
(microtype)             in font `OT1/zavm/m/n/14.4'.
(microtype)             Ignoring protrusion settings for this character.
Package microtype Info: Character `textemdash ' is missing
(microtype)             in font `OT1/zavm/m/n/14.4'.
(microtype)             Ignoring protrusion settings for this character.
Package microtype Info: Character `textendash ' is missing
(microtype)             in font `OT1/zavm/m/n/10'.
(microtype)             Ignoring protrusion settings for this character.
Package microtype Info: Character `textemdash ' is missing
(microtype)             in font `OT1/zavm/m/n/10'.
(microtype)             Ignoring protrusion settings for this character.
Package microtype Info: Character `textendash ' is missing
(microtype)             in font `OT1/zavm/m/n/7'.
(microtype)             Ignoring protrusion settings for this character.
Package microtype Info: Character `textemdash ' is missing
(microtype)             in font `OT1/zavm/m/n/7'.
(microtype)             Ignoring protrusion settings for this character.
LaTeX Font Info:    Font shape `OML/zavm/m/it' will be
(Font)              scaled to size 12.24008pt on input line 86.
<<oml.cmap>>
LaTeX Font Info:    Font shape `OML/zavm/m/it' will be
(Font)              scaled to size 8.50006pt on input line 86.
LaTeX Font Info:    Font shape `OML/zavm/m/it' will be
(Font)              scaled to size 5.95004pt on input line 86.
LaTeX Font Info:    Trying to load font information for OMS+zavm on input line 
86.

(/nix/store/xym6hj82qja3j0k2wmglinim3lgx0ccg-texlive-combined-full-2021.2021040
8/share/texmf/tex/latex/arev/omszavm.fd
File: omszavm.fd 2006/05/30 Fontinst v1.929 font definitions for OMS/zavm.
)<<oms.cmap>>
LaTeX Font Info:    Trying to load font information for OMX+iwona on input line
 86.

(/nix/store/xym6hj82qja3j0k2wmglinim3lgx0ccg-texlive-combined-full-2021.2021040
8/share/texmf/tex/latex/iwona/omxiwona.fd
File: omxiwona.fd 2008/07/22 v0.995 font definition file for OMX/iwona (MW)
)<<omx.cmap>>
LaTeX Font Info:    Trying to load font information for U+msa on input line 86.


(/nix/store/xym6hj82qja3j0k2wmglinim3lgx0ccg-texlive-combined-full-2021.2021040
8/share/texmf/tex/latex/amsfonts/umsa.fd
File: umsa.fd 2013/01/14 v3.01 AMS symbols A
)
(/nix/store/xym6hj82qja3j0k2wmglinim3lgx0ccg-texlive-combined-full-2021.2021040
8/share/texmf/tex/latex/microtype/mt-msa.cfg
File: mt-msa.cfg 2006/02/04 v1.1 microtype config. file: AMS symbols (a) (RS)
)
LaTeX Font Info:    Trying to load font information for U+msb on input line 86.


(/nix/store/xym6hj82qja3j0k2wmglinim3lgx0ccg-texlive-combined-full-2021.2021040
8/share/texmf/tex/latex/amsfonts/umsb.fd
File: umsb.fd 2013/01/14 v3.01 AMS symbols B
)
(/nix/store/xym6hj82qja3j0k2wmglinim3lgx0ccg-texlive-combined-full-2021.2021040
8/share/texmf/tex/latex/microtype/mt-msb.cfg
File: mt-msb.cfg 2005/06/01 v1.0 microtype config. file: AMS symbols (b) (RS)
)
LaTeX Font Info:    Font shape `T1/Carlito-LF/m/n' will be
(Font)              scaled to size 14.4pt on input line 86.
LaTeX Font Info:    Font shape `T1/Carlito-LF/m/n' will be
(Font)              scaled to size 10.0pt on input line 86.
LaTeX Font Info:    Font shape `T1/Carlito-LF/m/n' will be
(Font)              scaled to size 7.0pt on input line 86.
LaTeX Font Info:    Font shape `T1/Carlito-LF/m/it' will be
(Font)              scaled to size 14.4pt on input line 86.
LaTeX Font Info:    Font shape `T1/Carlito-LF/m/it' will be
(Font)              scaled to size 10.0pt on input line 86.
LaTeX Font Info:    Font shape `T1/Carlito-LF/m/it' will be
(Font)              scaled to size 7.0pt on input line 86.
LaTeX Font Info:    Font shape `T1/Carlito-LF/b/n' will be
(Font)              scaled to size 12.0pt on input line 86.
Package microtype Info: Character `textendash ' is missing
(microtype)             in font `OT1/zavm/m/n/12'.
(microtype)             Ignoring protrusion settings for this character.
Package microtype Info: Character `textemdash ' is missing
(microtype)             in font `OT1/zavm/m/n/12'.
(microtype)             Ignoring protrusion settings for this character.
Package microtype Info: Character `textendash ' is missing
(microtype)             in font `OT1/zavm/m/n/8'.
(microtype)             Ignoring protrusion settings for this character.
Package microtype Info: Character `textemdash ' is missing
(microtype)             in font `OT1/zavm/m/n/8'.
(microtype)             Ignoring protrusion settings for this character.
Package microtype Info: Character `textendash ' is missing
(microtype)             in font `OT1/zavm/m/n/6'.
(microtype)             Ignoring protrusion settings for this character.
Package microtype Info: Character `textemdash ' is missing
(microtype)             in font `OT1/zavm/m/n/6'.
(microtype)             Ignoring protrusion settings for this character.
LaTeX Font Info:    Font shape `OML/zavm/m/it' will be
(Font)              scaled to size 10.20007pt on input line 86.
LaTeX Font Info:    Font shape `OML/zavm/m/it' will be
(Font)              scaled to size 6.80005pt on input line 86.
LaTeX Font Info:    Font shape `OML/zavm/m/it' will be
(Font)              scaled to size 5.10004pt on input line 86.
LaTeX Font Info:    Font shape `T1/Carlito-LF/m/n' will be
(Font)              scaled to size 12.0pt on input line 86.
LaTeX Font Info:    Font shape `T1/Carlito-LF/m/n' will be
(Font)              scaled to size 8.0pt on input line 86.
LaTeX Font Info:    Font shape `T1/Carlito-LF/m/it' will be
(Font)              scaled to size 12.0pt on input line 86.
LaTeX Font Info:    Font shape `T1/Carlito-LF/m/it' will be
(Font)              scaled to size 8.0pt on input line 86.
LaTeX Font Info:    Font shape `T1/Carlito-LF/m/it' will be
(Font)              scaled to size 6.0pt on input line 86.

Underfull \vbox (badness 10000) has occurred while \output is active []

LaTeX Font Info:    Font shape `T1/Carlito-LF/m/n' will be
(Font)              scaled to size 4.0pt on input line 86.
 [1

{/nix/store/xym6hj82qja3j0k2wmglinim3lgx0ccg-texlive-combined-full-2021.2021040
8/share/texmf-var/fonts/map/pdftex/updmap/pdftex.map}] [2 <./figures/CASCON_LOG
O.png>]
(./fibeamer.toc
! Undefined control sequence.
l.1 \beamer@endinputifotherversion
                                   {3.36pt}
? 
) [3

]
LaTeX Font Info:    Font shape `T1/Carlito-LF/m/it' will be
(Font)              scaled to size 10.95pt on input line 110.
Package microtype Info: Character `textendash ' is missing
(microtype)             in font `OT1/zavm/m/n/10.95'.
(microtype)             Ignoring protrusion settings for this character.
Package microtype Info: Character `textemdash ' is missing
(microtype)             in font `OT1/zavm/m/n/10.95'.
(microtype)             Ignoring protrusion settings for this character.
LaTeX Font Info:    Font shape `OML/zavm/m/it' will be
(Font)              scaled to size 9.30756pt on input line 110.
 [4

] [5

] [6

]
<figures/nshape.png, id=122, 501.875pt x 151.56625pt>
File: figures/nshape.png Graphic file (type png)
<use figures/nshape.png>
Package pdftex.def Info: figures/nshape.png  used on input line 147.
(pdftex.def)             Requested size: 250.93687pt x 75.78293pt.


LaTeX Font Warning: Font shape `T1/Carlito-LF/b/sc' undefined
(Font)              using `T1/Carlito-LF/b/n' instead on input line 147.

LaTeX Font Info:    Font shape `T1/Carlito-LF/b/n' will be
(Font)              scaled to size 8.0pt on input line 147.
LaTeX Font Info:    Font shape `T1/Carlito-LF/b/n' will be
(Font)              scaled to size 6.0pt on input line 147.
[7

 <./figures/nshape.png>] [8

] (./fibeamer.toc
! Undefined control sequence.
l.1 \beamer@endinputifotherversion
                                   {3.36pt}
? 
) [9

]

! LaTeX Error: File `figures/prototyping' not found.

See the LaTeX manual or LaTeX Companion for explanation.
Type  H <return>  for immediate help.
 ...                                              
                                                  
l.179 \end{frame}
                 
? 
[10

]
\@verb\macrocode=\box92
LaTeX Font Info:    Trying to load font information for T1+DejaVuSansMono-TLF o
n input line 183.

(/nix/store/xym6hj82qja3j0k2wmglinim3lgx0ccg-texlive-combined-full-2021.2021040
8/share/texmf/tex/latex/dejavu/T1DejaVuSansMono-TLF.fd
File: T1DejaVuSansMono-TLF.fd 2011/06/01 Font definitions for T1/DejaVuSansMono
-TLF.
)
LaTeX Font Info:    Font shape `T1/DejaVuSansMono-TLF/m/n' will be
(Font)              scaled to size 8.50006pt on input line 183.
Package microtype Info: Loading generic protrusion settings for font family
(microtype)             `DejaVuSansMono-TLF' (encoding: T1).
(microtype)             For optimal results, create family-specific settings.
(microtype)             See the microtype manual for details.
LaTeX Font Info:    Font shape `T1/DejaVuSansMono-TLF/m/n' will be
(Font)              scaled to size 5.10004pt on input line 183.
\@verb\coconutcode=\box93
LaTeX Font Info:    Trying to load font information for TS1+Carlito-LF on input
 line 191.

(/nix/store/xym6hj82qja3j0k2wmglinim3lgx0ccg-texlive-combined-full-2021.2021040
8/share/texmf/tex/latex/carlito/TS1Carlito-LF.fd
File: TS1Carlito-LF.fd 2014/08/20 (autoinst) Font definitions for TS1/Carlito-L
F.
)
LaTeX Font Info:    Font shape `TS1/Carlito-LF/m/n' will be
(Font)              scaled to size 10.0pt on input line 191.
Package microtype Info: Loading generic protrusion settings for font family
(microtype)             `Carlito-LF' (encoding: TS1).
(microtype)             For optimal results, create family-specific settings.
(microtype)             See the microtype manual for details.
 [11

]

! LaTeX Error: File `figures/graph' not found.

See the LaTeX manual or LaTeX Companion for explanation.
Type  H <return>  for immediate help.
 ...                                              
                                                  
l.213     \end{frame}
                     
? 
[12

] [13

] (./fibeamer.toc
! Undefined control sequence.
l.1 \beamer@endinputifotherversion
                                   {3.36pt}
? 
) [14

] [15

]
LaTeX Font Info:    Trying to load font information for T1+lmr on input line 26
2.

(/nix/store/xym6hj82qja3j0k2wmglinim3lgx0ccg-texlive-combined-full-2021.2021040
8/share/texmf/tex/latex/lm/t1lmr.fd
File: t1lmr.fd 2015/05/01 v1.6.1 Font defs for Latin Modern
)
(/nix/store/xym6hj82qja3j0k2wmglinim3lgx0ccg-texlive-combined-full-2021.2021040
8/share/texmf/tex/latex/microtype/mt-cmr.cfg
File: mt-cmr.cfg 2013/05/19 v2.2 microtype config. file: Computer Modern Roman 
(RS)
)
Overfull \hbox (4.40187pt too wide) detected at line 262
[]
 []

[16

]
Overfull \hbox (8.18854pt too wide) detected at line 273
[]
 []

[17

]
<figures/sigmoid.jpg, id=212, 1099.10625pt x 688.5725pt>
File: figures/sigmoid.jpg Graphic file (type jpg)
<use figures/sigmoid.jpg>
Package pdftex.def Info: figures/sigmoid.jpg  used on input line 283.
(pdftex.def)             Requested size: 219.81735pt x 137.71205pt.
 [18

 <./figures/sigmoid.jpg>] [19

] [20

] (./fibeamer.toc
! Undefined control sequence.
l.1 \beamer@endinputifotherversion
                                   {3.36pt}
? 
) [21

] [22

] [23

] [24

]
\tf@nav=\write8
\openout8 = `fibeamer.nav'.

\tf@toc=\write9
\openout9 = `fibeamer.toc'.

\tf@snm=\write10
\openout10 = `fibeamer.snm'.

 (./fibeamer.aux)

LaTeX Font Warning: Some font shapes were not available, defaults substituted.


Package rerunfilecheck Warning: File `fibeamer.out' has changed.
(rerunfilecheck)                Rerun to get outlines right
(rerunfilecheck)                or use package `bookmark'.

Package rerunfilecheck Info: Checksums for `fibeamer.out':
(rerunfilecheck)             Before: D19C6FB67061FB940F2AFA7B75F1D499;698
(rerunfilecheck)             After:  39FCB698A590DED2D6C04770F1C61F81;738.
 ) 
Here is how much of TeX's memory you used:
 34326 strings out of 478994
 679282 string characters out of 5829509
 1232814 words of memory out of 5000000
 50695 multiletter control sequences out of 15000+600000
 645607 words of font info for 219 fonts, out of 8000000 for 9000
 1141 hyphenation exceptions out of 8191
 131i,16n,132p,457b,2246s stack positions out of 5000i,500n,10000p,200000b,80000s
pdfTeX warning (dest): name{Outline0.3.2.18} has been referenced but does not
 exist, replaced by a fixed one

pdfTeX warning (dest): name{Outline0.3.1.14} has been referenced but does not e
xist, replaced by a fixed one

pdfTeX warning (dest): name{Outline0.2.2.12} has been referenced but does not e
xist, replaced by a fixed one

pdfTeX warning (dest): name{Outline0.2.1.9} has been referenced but does not ex
ist, replaced by a fixed one

pdfTeX warning (dest): name{Outline0.1.3.7} has been referenced but does not ex
ist, replaced by a fixed one

pdfTeX warning (dest): name{Outline0.1.2.6} has been referenced but does not ex
ist, replaced by a fixed one

pdfTeX warning (dest): name{Outline0.1.1.3} has been referenced but does not ex
ist, replaced by a fixed one

{/nix/store/xym6hj82qja3j0k2wmglinim3lgx0ccg-texlive-combined-full-2021.2021040
8/share/texmf/fonts/enc/dvips/iwona/ex-iwona.enc}{/nix/store/xym6hj82qja3j0k2wm
glinim3lgx0ccg-texlive-combined-full-2021.20210408/share/texmf/fonts/enc/dvips/
arev/arevoms.enc}{/nix/store/xym6hj82qja3j0k2wmglinim3lgx0ccg-texlive-combined-
full-2021.20210408/share/texmf/fonts/enc/dvips/lm/lm-ec.enc}{/nix/store/xym6hj8
2qja3j0k2wmglinim3lgx0ccg-texlive-combined-full-2021.20210408/share/texmf/fonts
/enc/dvips/arev/arevoml.enc}{/nix/store/xym6hj82qja3j0k2wmglinim3lgx0ccg-texliv
e-combined-full-2021.20210408/share/texmf/fonts/enc/dvips/carlito/crlt_llspvt.e
nc}{/nix/store/xym6hj82qja3j0k2wmglinim3lgx0ccg-texlive-combined-full-2021.2021
0408/share/texmf/fonts/enc/dvips/dejavu/dejavumono_t1-type1.enc}{/nix/store/xym
6hj82qja3j0k2wmglinim3lgx0ccg-texlive-combined-full-2021.20210408/share/texmf/f
onts/enc/dvips/arev/arevot1.enc}{/nix/store/xym6hj82qja3j0k2wmglinim3lgx0ccg-te
xlive-combined-full-2021.20210408/share/texmf/fonts/enc/dvips/carlito/crlt_csjz
gd.enc}</nix/store/xym6hj82qja3j0k2wmglinim3lgx0ccg-texlive-combined-full-2021.
20210408/share/texmf/fonts/type1/public/arev/ArevSans-Oblique.pfb></nix/store/x
ym6hj82qja3j0k2wmglinim3lgx0ccg-texlive-combined-full-2021.20210408/share/texmf
/fonts/type1/public/arev/ArevSans-Roman.pfb></nix/store/xym6hj82qja3j0k2wmglini
m3lgx0ccg-texlive-combined-full-2021.20210408/share/texmf/fonts/type1/typoland/
carlito/Carlito-Bold.pfb></nix/store/xym6hj82qja3j0k2wmglinim3lgx0ccg-texlive-c
ombined-full-2021.20210408/share/texmf/fonts/type1/typoland/carlito/Carlito-Ita
lic.pfb></nix/store/xym6hj82qja3j0k2wmglinim3lgx0ccg-texlive-combined-full-2021
.20210408/share/texmf/fonts/type1/typoland/carlito/Carlito.pfb></nix/store/xym6
hj82qja3j0k2wmglinim3lgx0ccg-texlive-combined-full-2021.20210408/share/texmf/fo
nts/type1/public/dejavu/DejaVuSansMono.pfb></nix/store/xym6hj82qja3j0k2wmglinim
3lgx0ccg-texlive-combined-full-2021.20210408/share/texmf/fonts/type1/nowacki/iw
ona/iwonar.pfb></nix/store/xym6hj82qja3j0k2wmglinim3lgx0ccg-texlive-combined-fu
ll-2021.20210408/share/texmf/fonts/type1/public/lm/lmr10.pfb></nix/store/xym6hj
82qja3j0k2wmglinim3lgx0ccg-texlive-combined-full-2021.20210408/share/texmf/font
s/type1/public/mathdesign/mdbch/md-chb7t.pfb></nix/store/xym6hj82qja3j0k2wmglin
im3lgx0ccg-texlive-combined-full-2021.20210408/share/texmf/fonts/type1/public/m
athdesign/mdbch/md-chb7y.pfb></nix/store/xym6hj82qja3j0k2wmglinim3lgx0ccg-texli
ve-combined-full-2021.20210408/share/texmf/fonts/type1/public/amsfonts/symbols/
msbm10.pfb>
Output written on fibeamer.pdf (24 pages, 625177 bytes).
PDF statistics:
 323 PDF objects out of 1000 (max. 8388607)
 266 compressed objects within 3 object streams
 67 named destinations out of 1000 (max. 500000)
 88748 words of extra memory for PDF output out of 89155 (max. 10000000)

